[0;34m~
~ revel! http://revel.github.io
~
[0m[0;32mINFO  2016/02/11 05:22:08 revel.go:329: Loaded module testrunner
[0m[0;32mINFO  2016/02/11 05:22:08 revel.go:329: Loaded module static
[0m[0;32mINFO  2016/02/11 05:22:08 revel.go:206: Initialized Revel v0.12.0 (2015-03-25) for >= go1.3
[0m[0;32mINFO  2016/02/11 05:22:08 run.go:57: Running ARES (webfrontend) in dev mode
[0m[0;32mINFO  2016/02/11 05:22:08 harness.go:165: Listening on :8080
[0m[0;32mINFO  2016/02/11 05:22:17 build.go:172: Cleaning dir tmp
[0m[0;32mINFO  2016/02/11 05:22:17 build.go:172: Cleaning dir routes
[0m[0;32mINFO  2016/02/11 05:22:17 build.go:172: Cleaning dir tmp
[0m[0;32mINFO  2016/02/11 05:22:17 build.go:172: Cleaning dir routes
[0m[0;32mINFO  2016/02/11 05:22:27 revel.go:329: Loaded module static
[0m[0;32mINFO  2016/02/11 05:22:27 revel.go:329: Loaded module testrunner
[0m[0;32mINFO  2016/02/11 05:22:27 revel.go:206: Initialized Revel v0.12.0 (2015-03-25) for >= go1.3
[0m[0;32mINFO  2016/02/11 05:22:27 main.go:30: Running revel server
[0mGo to /@tests to run the tests.
[0;32mINFO  2016/02/11 05:22:27 init.go:12: DB Loading
[0m[0;32mINFO  2016/02/11 05:22:27 init.go:20: DB Connected
[0mListening on :41792...
2016/02/11 05:22:28 series.go:52: no such column: ser.id
2016/02/11 05:22:28 reverseproxy.go:249: http: proxy error: EOF
[0;32mINFO  2016/02/11 05:23:12 build.go:172: Cleaning dir tmp
[0m[0;32mINFO  2016/02/11 05:23:12 build.go:172: Cleaning dir routes
[0m[0;32mINFO  2016/02/11 05:23:12 build.go:172: Cleaning dir tmp
[0m[0;32mINFO  2016/02/11 05:23:12 build.go:172: Cleaning dir routes
[0m[0;32mINFO  2016/02/11 05:23:23 revel.go:329: Loaded module static
[0m[0;32mINFO  2016/02/11 05:23:23 revel.go:329: Loaded module testrunner
[0m[0;32mINFO  2016/02/11 05:23:23 revel.go:206: Initialized Revel v0.12.0 (2015-03-25) for >= go1.3
[0m[0;32mINFO  2016/02/11 05:23:23 main.go:30: Running revel server
[0mGo to /@tests to run the tests.
[0;32mINFO  2016/02/11 05:23:23 init.go:12: DB Loading
[0m[0;32mINFO  2016/02/11 05:23:23 init.go:20: DB Connected
[0mListening on :41792...
[0;32mINFO  2016/02/11 05:23:23 build.go:172: Cleaning dir tmp
[0m[0;32mINFO  2016/02/11 05:23:23 build.go:172: Cleaning dir routes
[0m[0;32mINFO  2016/02/11 05:23:23 build.go:172: Cleaning dir tmp
[0m[0;32mINFO  2016/02/11 05:23:23 build.go:172: Cleaning dir routes
[0m[0;32mINFO  2016/02/11 05:23:33 revel.go:329: Loaded module static
[0m[0;32mINFO  2016/02/11 05:23:33 revel.go:329: Loaded module testrunner
[0m[0;32mINFO  2016/02/11 05:23:33 revel.go:206: Initialized Revel v0.12.0 (2015-03-25) for >= go1.3
[0m[0;32mINFO  2016/02/11 05:23:33 main.go:30: Running revel server
[0mGo to /@tests to run the tests.
[0;32mINFO  2016/02/11 05:23:33 init.go:12: DB Loading
[0m[0;32mINFO  2016/02/11 05:23:33 init.go:20: DB Connected
[0mListening on :41792...
[0;32mINFO  2016/02/11 05:23:33 build.go:172: Cleaning dir tmp
[0m[0;32mINFO  2016/02/11 05:23:33 build.go:172: Cleaning dir routes
[0m[0;32mINFO  2016/02/11 05:23:34 build.go:172: Cleaning dir tmp
[0m[0;32mINFO  2016/02/11 05:23:34 build.go:172: Cleaning dir routes
[0m[0;32mINFO  2016/02/11 05:23:44 revel.go:329: Loaded module static
[0m[0;32mINFO  2016/02/11 05:23:44 revel.go:329: Loaded module testrunner
[0m[0;32mINFO  2016/02/11 05:23:44 revel.go:206: Initialized Revel v0.12.0 (2015-03-25) for >= go1.3
[0m[0;32mINFO  2016/02/11 05:23:44 main.go:30: Running revel server
[0m[0;32mINFO  2016/02/11 05:23:44 init.go:12: DB Loading
[0m[0;32mINFO  2016/02/11 05:23:44 init.go:20: DB Connected
[0mGo to /@tests to run the tests.
Listening on :41792...
[0;32mINFO  2016/02/11 05:23:44 build.go:172: Cleaning dir tmp
[0m[0;32mINFO  2016/02/11 05:23:44 build.go:172: Cleaning dir routes
[0m[0;32mINFO  2016/02/11 05:23:44 build.go:172: Cleaning dir tmp
[0m[0;32mINFO  2016/02/11 05:23:44 build.go:172: Cleaning dir routes
[0m[0;32mINFO  2016/02/11 05:23:54 revel.go:329: Loaded module static
[0m[0;32mINFO  2016/02/11 05:23:54 revel.go:329: Loaded module testrunner
[0m[0;32mINFO  2016/02/11 05:23:54 revel.go:206: Initialized Revel v0.12.0 (2015-03-25) for >= go1.3
[0m[0;32mINFO  2016/02/11 05:23:54 main.go:30: Running revel server
[0mGo to /@tests to run the tests.
[0;32mINFO  2016/02/11 05:23:54 init.go:12: DB Loading
[0m[0;32mINFO  2016/02/11 05:23:54 init.go:20: DB Connected
[0mListening on :41792...
[0;32mINFO  2016/02/11 05:23:54 build.go:172: Cleaning dir tmp
[0m[0;32mINFO  2016/02/11 05:23:54 build.go:172: Cleaning dir routes
[0m[0;32mINFO  2016/02/11 05:23:54 build.go:172: Cleaning dir tmp
[0m[0;32mINFO  2016/02/11 05:23:54 build.go:172: Cleaning dir routes
[0m[0;32mINFO  2016/02/11 05:24:05 revel.go:329: Loaded module static
[0m[0;32mINFO  2016/02/11 05:24:05 revel.go:329: Loaded module testrunner
[0m[0;32mINFO  2016/02/11 05:24:05 revel.go:206: Initialized Revel v0.12.0 (2015-03-25) for >= go1.3
[0m[0;32mINFO  2016/02/11 05:24:05 main.go:30: Running revel server
[0m[0;32mINFO  2016/02/11 05:24:05 init.go:12: DB Loading
[0m[0;32mINFO  2016/02/11 05:24:05 init.go:20: DB Connected
[0mGo to /@tests to run the tests.
Listening on :41792...
[0;32mINFO  2016/02/11 05:24:05 build.go:172: Cleaning dir tmp
[0m[0;32mINFO  2016/02/11 05:24:05 build.go:172: Cleaning dir routes
[0m[0;32mINFO  2016/02/11 05:24:05 build.go:172: Cleaning dir tmp
[0m[0;32mINFO  2016/02/11 05:24:05 build.go:172: Cleaning dir routes
[0m[0;32mINFO  2016/02/11 05:24:15 revel.go:329: Loaded module static
[0m[0;32mINFO  2016/02/11 05:24:15 revel.go:329: Loaded module testrunner
[0m[0;32mINFO  2016/02/11 05:24:15 revel.go:206: Initialized Revel v0.12.0 (2015-03-25) for >= go1.3
[0m[0;32mINFO  2016/02/11 05:24:15 main.go:30: Running revel server
[0mGo to /@tests to run the tests.
[0;32mINFO  2016/02/11 05:24:15 init.go:12: DB Loading
[0m[0;32mINFO  2016/02/11 05:24:15 init.go:20: DB Connected
[0mListening on :41792...
[0;31mERROR 2016/02/11 05:24:30 results.go:232: Template Execution Error (in Series/Index.html): 2: executing "Series/Index.html" at <call $series.SeasonC...>: error calling call: non-function of type int64
[0m2016/02/11 05:24:30 server.go:1934: http: multiple response.WriteHeader calls
[0;32mINFO  2016/02/11 05:24:56 build.go:172: Cleaning dir tmp
[0m[0;32mINFO  2016/02/11 05:24:56 build.go:172: Cleaning dir routes
[0m[0;32mINFO  2016/02/11 05:24:56 build.go:172: Cleaning dir tmp
[0m[0;32mINFO  2016/02/11 05:24:56 build.go:172: Cleaning dir routes
[0m[0;32mINFO  2016/02/11 05:25:07 revel.go:329: Loaded module static
[0m[0;32mINFO  2016/02/11 05:25:07 revel.go:329: Loaded module testrunner
[0m[0;32mINFO  2016/02/11 05:25:07 revel.go:206: Initialized Revel v0.12.0 (2015-03-25) for >= go1.3
[0m[0;32mINFO  2016/02/11 05:25:07 main.go:30: Running revel server
[0mGo to /@tests to run the tests.
[0;32mINFO  2016/02/11 05:25:07 init.go:12: DB Loading
[0m[0;32mINFO  2016/02/11 05:25:07 init.go:20: DB Connected
[0mListening on :41792...
[0;32mINFO  2016/02/11 05:25:07 build.go:172: Cleaning dir tmp
[0m[0;32mINFO  2016/02/11 05:25:07 build.go:172: Cleaning dir routes
[0m[0;32mINFO  2016/02/11 05:25:07 build.go:172: Cleaning dir tmp
[0m[0;32mINFO  2016/02/11 05:25:07 build.go:172: Cleaning dir routes
[0m[0;32mINFO  2016/02/11 05:25:17 revel.go:329: Loaded module testrunner
[0m[0;32mINFO  2016/02/11 05:25:17 revel.go:329: Loaded module static
[0m[0;32mINFO  2016/02/11 05:25:17 revel.go:206: Initialized Revel v0.12.0 (2015-03-25) for >= go1.3
[0m[0;32mINFO  2016/02/11 05:25:17 main.go:30: Running revel server
[0mGo to /@tests to run the tests.
[0;32mINFO  2016/02/11 05:25:17 init.go:12: DB Loading
[0m[0;32mINFO  2016/02/11 05:25:17 init.go:20: DB Connected
[0mListening on :41792...
[0;32mINFO  2016/02/11 05:25:17 build.go:172: Cleaning dir tmp
[0m[0;32mINFO  2016/02/11 05:25:17 build.go:172: Cleaning dir routes
[0m[0;32mINFO  2016/02/11 05:25:17 build.go:172: Cleaning dir tmp
[0m[0;32mINFO  2016/02/11 05:25:17 build.go:172: Cleaning dir routes
[0m[0;32mINFO  2016/02/11 05:25:27 revel.go:329: Loaded module testrunner
[0m[0;32mINFO  2016/02/11 05:25:27 revel.go:329: Loaded module static
[0m[0;32mINFO  2016/02/11 05:25:27 revel.go:206: Initialized Revel v0.12.0 (2015-03-25) for >= go1.3
[0m[0;32mINFO  2016/02/11 05:25:27 main.go:30: Running revel server
[0m[0;32mINFO  2016/02/11 05:25:27 init.go:12: DB Loading
[0m[0;32mINFO  2016/02/11 05:25:27 init.go:20: DB Connected
[0mGo to /@tests to run the tests.
Listening on :41792...
[0;32mINFO  2016/02/11 05:25:27 build.go:172: Cleaning dir tmp
[0m[0;32mINFO  2016/02/11 05:25:27 build.go:172: Cleaning dir routes
[0m[0;32mINFO  2016/02/11 05:25:27 build.go:172: Cleaning dir tmp
[0m[0;32mINFO  2016/02/11 05:25:27 build.go:172: Cleaning dir routes
[0m[0;32mINFO  2016/02/11 05:25:38 revel.go:329: Loaded module testrunner
[0m[0;32mINFO  2016/02/11 05:25:38 revel.go:329: Loaded module static
[0m[0;32mINFO  2016/02/11 05:25:38 revel.go:206: Initialized Revel v0.12.0 (2015-03-25) for >= go1.3
[0m[0;32mINFO  2016/02/11 05:25:38 main.go:30: Running revel server
[0m[0;32mINFO  2016/02/11 05:25:38 init.go:12: DB Loading
[0m[0;32mINFO  2016/02/11 05:25:38 init.go:20: DB Connected
[0mGo to /@tests to run the tests.
Listening on :41792...
[0;32mINFO  2016/02/11 05:25:38 build.go:172: Cleaning dir tmp
[0m[0;32mINFO  2016/02/11 05:25:38 build.go:172: Cleaning dir routes
[0m[0;32mINFO  2016/02/11 05:25:38 build.go:172: Cleaning dir tmp
[0m[0;32mINFO  2016/02/11 05:25:38 build.go:172: Cleaning dir routes
[0m[0;32mINFO  2016/02/11 05:25:49 revel.go:329: Loaded module static
[0m[0;32mINFO  2016/02/11 05:25:49 revel.go:329: Loaded module testrunner
[0m[0;32mINFO  2016/02/11 05:25:49 revel.go:206: Initialized Revel v0.12.0 (2015-03-25) for >= go1.3
[0m[0;32mINFO  2016/02/11 05:25:49 main.go:30: Running revel server
[0m[0;32mINFO  2016/02/11 05:25:49 init.go:12: DB Loading
[0m[0;32mINFO  2016/02/11 05:25:49 init.go:20: DB Connected
[0mGo to /@tests to run the tests.
Listening on :41792...
[0;32mINFO  2016/02/11 05:25:49 build.go:172: Cleaning dir tmp
[0m[0;32mINFO  2016/02/11 05:25:49 build.go:172: Cleaning dir routes
[0m[0;32mINFO  2016/02/11 05:25:49 build.go:172: Cleaning dir tmp
[0m[0;32mINFO  2016/02/11 05:25:49 build.go:172: Cleaning dir routes
[0m[0;32mINFO  2016/02/11 05:25:59 revel.go:329: Loaded module static
[0m[0;32mINFO  2016/02/11 05:25:59 revel.go:329: Loaded module testrunner
[0m[0;32mINFO  2016/02/11 05:25:59 revel.go:206: Initialized Revel v0.12.0 (2015-03-25) for >= go1.3
[0m[0;32mINFO  2016/02/11 05:25:59 main.go:30: Running revel server
[0m[0;32mINFO  2016/02/11 05:25:59 init.go:12: DB Loading
[0m[0;32mINFO  2016/02/11 05:25:59 init.go:20: DB Connected
[0mGo to /@tests to run the tests.
Listening on :41792...
[0;31mERROR 2016/02/11 05:26:02 template.go:230: error walking templates: lstat /home/godev/ARES/src/webfrontend/app/views/Series/Index.html~: no such file or directory
[0m[0;32mINFO  2016/02/11 05:29:57 build.go:172: Cleaning dir tmp
[0m[0;32mINFO  2016/02/11 05:29:57 build.go:172: Cleaning dir routes
[0m[0;32mINFO  2016/02/11 05:29:57 build.go:172: Cleaning dir tmp
[0m[0;32mINFO  2016/02/11 05:29:57 build.go:172: Cleaning dir routes
[0m[0;32mINFO  2016/02/11 05:30:08 revel.go:329: Loaded module static
[0m[0;32mINFO  2016/02/11 05:30:08 revel.go:329: Loaded module testrunner
[0m[0;32mINFO  2016/02/11 05:30:08 revel.go:206: Initialized Revel v0.12.0 (2015-03-25) for >= go1.3
[0m[0;32mINFO  2016/02/11 05:30:08 main.go:30: Running revel server
[0mGo to /@tests to run the tests.
[0;32mINFO  2016/02/11 05:30:08 init.go:12: DB Loading
[0m[0;32mINFO  2016/02/11 05:30:08 init.go:20: DB Connected
[0mListening on :41792...
[0;32mINFO  2016/02/11 05:30:08 build.go:172: Cleaning dir tmp
[0m[0;32mINFO  2016/02/11 05:30:08 build.go:172: Cleaning dir routes
[0m[0;32mINFO  2016/02/11 05:30:08 build.go:172: Cleaning dir tmp
[0m[0;32mINFO  2016/02/11 05:30:08 build.go:172: Cleaning dir routes
[0m[0;32mINFO  2016/02/11 05:30:18 revel.go:329: Loaded module testrunner
[0m[0;32mINFO  2016/02/11 05:30:18 revel.go:329: Loaded module static
[0m[0;32mINFO  2016/02/11 05:30:18 revel.go:206: Initialized Revel v0.12.0 (2015-03-25) for >= go1.3
[0m[0;32mINFO  2016/02/11 05:30:18 main.go:30: Running revel server
[0m[0;32mINFO  2016/02/11 05:30:18 init.go:12: DB Loading
[0m[0;32mINFO  2016/02/11 05:30:18 init.go:20: DB Connected
[0mGo to /@tests to run the tests.
Listening on :41792...
[0;32mINFO  2016/02/11 05:30:18 build.go:172: Cleaning dir tmp
[0m[0;32mINFO  2016/02/11 05:30:18 build.go:172: Cleaning dir routes
[0m[0;32mINFO  2016/02/11 05:30:18 build.go:172: Cleaning dir tmp
[0m[0;32mINFO  2016/02/11 05:30:18 build.go:172: Cleaning dir routes
[0m[0;32mINFO  2016/02/11 05:30:29 revel.go:329: Loaded module testrunner
[0m[0;32mINFO  2016/02/11 05:30:29 revel.go:329: Loaded module static
[0m[0;32mINFO  2016/02/11 05:30:29 revel.go:206: Initialized Revel v0.12.0 (2015-03-25) for >= go1.3
[0m[0;32mINFO  2016/02/11 05:30:29 main.go:30: Running revel server
[0mGo to /@tests to run the tests.
[0;32mINFO  2016/02/11 05:30:29 init.go:12: DB Loading
[0m[0;32mINFO  2016/02/11 05:30:29 init.go:20: DB Connected
[0mListening on :41792...
[0;32mINFO  2016/02/11 05:30:29 build.go:172: Cleaning dir tmp
[0m[0;32mINFO  2016/02/11 05:30:29 build.go:172: Cleaning dir routes
[0m[0;32mINFO  2016/02/11 05:30:29 build.go:172: Cleaning dir tmp
[0m[0;32mINFO  2016/02/11 05:30:29 build.go:172: Cleaning dir routes
[0m[0;32mINFO  2016/02/11 05:30:39 revel.go:329: Loaded module static
[0m[0;32mINFO  2016/02/11 05:30:39 revel.go:329: Loaded module testrunner
[0m[0;32mINFO  2016/02/11 05:30:39 revel.go:206: Initialized Revel v0.12.0 (2015-03-25) for >= go1.3
[0m[0;32mINFO  2016/02/11 05:30:39 main.go:30: Running revel server
[0mGo to /@tests to run the tests.
[0;32mINFO  2016/02/11 05:30:39 init.go:12: DB Loading
[0m[0;32mINFO  2016/02/11 05:30:39 init.go:20: DB Connected
[0mListening on :41792...
[0;32mINFO  2016/02/11 05:30:40 build.go:172: Cleaning dir tmp
[0m[0;32mINFO  2016/02/11 05:30:40 build.go:172: Cleaning dir routes
[0m[0;32mINFO  2016/02/11 05:30:40 build.go:172: Cleaning dir tmp
[0m[0;32mINFO  2016/02/11 05:30:40 build.go:172: Cleaning dir routes
[0m[0;32mINFO  2016/02/11 05:30:50 revel.go:329: Loaded module testrunner
[0m[0;32mINFO  2016/02/11 05:30:50 revel.go:329: Loaded module static
[0m[0;32mINFO  2016/02/11 05:30:50 revel.go:206: Initialized Revel v0.12.0 (2015-03-25) for >= go1.3
[0m[0;32mINFO  2016/02/11 05:30:50 main.go:30: Running revel server
[0m[0;32mINFO  2016/02/11 05:30:50 init.go:12: DB Loading
[0m[0;32mINFO  2016/02/11 05:30:50 init.go:20: DB Connected
[0mGo to /@tests to run the tests.
Listening on :41792...
[0;32mINFO  2016/02/11 05:30:51 build.go:172: Cleaning dir tmp
[0m[0;32mINFO  2016/02/11 05:30:51 build.go:172: Cleaning dir routes
[0m[0;32mINFO  2016/02/11 05:30:51 build.go:172: Cleaning dir tmp
[0m[0;32mINFO  2016/02/11 05:30:51 build.go:172: Cleaning dir routes
[0m[0;32mINFO  2016/02/11 05:31:01 revel.go:329: Loaded module testrunner
[0m[0;32mINFO  2016/02/11 05:31:01 revel.go:329: Loaded module static
[0m[0;32mINFO  2016/02/11 05:31:01 revel.go:206: Initialized Revel v0.12.0 (2015-03-25) for >= go1.3
[0m[0;32mINFO  2016/02/11 05:31:01 main.go:30: Running revel server
[0m[0;32mINFO  2016/02/11 05:31:01 init.go:12: DB Loading
[0m[0;32mINFO  2016/02/11 05:31:01 init.go:20: DB Connected
[0mGo to /@tests to run the tests.
Listening on :41792...
[0;31mERROR 2016/02/11 05:31:02 results.go:232: Template Execution Error (in Series/Index.html): 2: executing "Series/Index.html" at <call $series.SeasonC...>: error calling call: non-function of type int64
[0m2016/02/11 05:31:02 server.go:1934: http: multiple response.WriteHeader calls
[0;32mINFO  2016/02/11 05:31:55 build.go:172: Cleaning dir tmp
[0m[0;32mINFO  2016/02/11 05:31:55 build.go:172: Cleaning dir routes
[0m[0;32mINFO  2016/02/11 05:31:55 build.go:172: Cleaning dir tmp
[0m[0;32mINFO  2016/02/11 05:31:55 build.go:172: Cleaning dir routes
[0m[0;31mERROR 2016/02/11 05:31:57 build.go:101: # webfrontend/app/models
src/webfrontend/app/models/series.go:68: cannot use series (type []Series) as type []*Series in return argument

[0m[0;32mINFO  2016/02/11 05:31:57 build.go:172: Cleaning dir tmp
[0m[0;32mINFO  2016/02/11 05:31:57 build.go:172: Cleaning dir routes
[0m[0;32mINFO  2016/02/11 05:31:57 build.go:172: Cleaning dir tmp
[0m[0;32mINFO  2016/02/11 05:31:57 build.go:172: Cleaning dir routes
[0m[0;31mERROR 2016/02/11 05:31:59 build.go:101: # webfrontend/app/models
src/webfrontend/app/models/series.go:68: cannot use series (type []Series) as type []*Series in return argument

[0m[0;32mINFO  2016/02/11 05:31:59 build.go:172: Cleaning dir tmp
[0m[0;32mINFO  2016/02/11 05:31:59 build.go:172: Cleaning dir routes
[0m[0;32mINFO  2016/02/11 05:31:59 build.go:172: Cleaning dir tmp
[0m[0;32mINFO  2016/02/11 05:31:59 build.go:172: Cleaning dir routes
[0m[0;31mERROR 2016/02/11 05:32:00 build.go:101: # webfrontend/app/models
src/webfrontend/app/models/series.go:68: cannot use series (type []Series) as type []*Series in return argument

[0m[0;32mINFO  2016/02/11 05:32:00 build.go:172: Cleaning dir tmp
[0m[0;32mINFO  2016/02/11 05:32:00 build.go:172: Cleaning dir routes
[0m[0;32mINFO  2016/02/11 05:32:00 build.go:172: Cleaning dir tmp
[0m[0;32mINFO  2016/02/11 05:32:00 build.go:172: Cleaning dir routes
[0m[0;31mERROR 2016/02/11 05:32:02 build.go:101: # webfrontend/app/models
src/webfrontend/app/models/series.go:68: cannot use series (type []Series) as type []*Series in return argument

[0m[0;32mINFO  2016/02/11 05:32:02 build.go:172: Cleaning dir tmp
[0m[0;32mINFO  2016/02/11 05:32:02 build.go:172: Cleaning dir routes
[0m[0;32mINFO  2016/02/11 05:32:02 build.go:172: Cleaning dir tmp
[0m[0;32mINFO  2016/02/11 05:32:02 build.go:172: Cleaning dir routes
[0m[0;31mERROR 2016/02/11 05:32:04 build.go:101: # webfrontend/app/models
src/webfrontend/app/models/series.go:68: cannot use series (type []Series) as type []*Series in return argument

[0m[0;32mINFO  2016/02/11 05:32:04 build.go:172: Cleaning dir tmp
[0m[0;32mINFO  2016/02/11 05:32:04 build.go:172: Cleaning dir routes
[0m[0;32mINFO  2016/02/11 05:32:04 build.go:172: Cleaning dir tmp
[0m[0;32mINFO  2016/02/11 05:32:04 build.go:172: Cleaning dir routes
[0m[0;31mERROR 2016/02/11 05:32:05 build.go:101: # webfrontend/app/models
src/webfrontend/app/models/series.go:68: cannot use series (type []Series) as type []*Series in return argument

[0m[0;32mINFO  2016/02/11 05:32:19 build.go:172: Cleaning dir tmp
[0m[0;32mINFO  2016/02/11 05:32:19 build.go:172: Cleaning dir routes
[0m[0;32mINFO  2016/02/11 05:32:19 build.go:172: Cleaning dir tmp
[0m[0;32mINFO  2016/02/11 05:32:19 build.go:172: Cleaning dir routes
[0m[0;31mERROR 2016/02/11 05:32:21 build.go:101: # webfrontend/app/models
src/webfrontend/app/models/series.go:68: cannot use &series (type *[]Series) as type []*Series in return argument

[0m[0;32mINFO  2016/02/11 05:32:21 build.go:172: Cleaning dir tmp
[0m[0;32mINFO  2016/02/11 05:32:21 build.go:172: Cleaning dir routes
[0m[0;32mINFO  2016/02/11 05:32:21 build.go:172: Cleaning dir tmp
[0m[0;32mINFO  2016/02/11 05:32:21 build.go:172: Cleaning dir routes
[0m[0;31mERROR 2016/02/11 05:32:22 build.go:101: # webfrontend/app/models
src/webfrontend/app/models/series.go:68: cannot use &series (type *[]Series) as type []*Series in return argument

[0m[0;32mINFO  2016/02/11 05:32:22 build.go:172: Cleaning dir tmp
[0m[0;32mINFO  2016/02/11 05:32:22 build.go:172: Cleaning dir routes
[0m[0;32mINFO  2016/02/11 05:32:22 build.go:172: Cleaning dir tmp
[0m[0;32mINFO  2016/02/11 05:32:22 build.go:172: Cleaning dir routes
[0m[0;31mERROR 2016/02/11 05:32:24 build.go:101: # webfrontend/app/models
src/webfrontend/app/models/series.go:68: cannot use &series (type *[]Series) as type []*Series in return argument

[0m[0;32mINFO  2016/02/11 05:32:24 build.go:172: Cleaning dir tmp
[0m[0;32mINFO  2016/02/11 05:32:24 build.go:172: Cleaning dir routes
[0m[0;32mINFO  2016/02/11 05:32:24 build.go:172: Cleaning dir tmp
[0m[0;32mINFO  2016/02/11 05:32:24 build.go:172: Cleaning dir routes
[0m[0;31mERROR 2016/02/11 05:32:26 build.go:101: # webfrontend/app/models
src/webfrontend/app/models/series.go:68: cannot use &series (type *[]Series) as type []*Series in return argument

[0m[0;32mINFO  2016/02/11 05:32:26 build.go:172: Cleaning dir tmp
[0m[0;32mINFO  2016/02/11 05:32:26 build.go:172: Cleaning dir routes
[0m[0;32mINFO  2016/02/11 05:32:26 build.go:172: Cleaning dir tmp
[0m[0;32mINFO  2016/02/11 05:32:26 build.go:172: Cleaning dir routes
[0m[0;31mERROR 2016/02/11 05:32:27 build.go:101: # webfrontend/app/models
src/webfrontend/app/models/series.go:68: cannot use &series (type *[]Series) as type []*Series in return argument

[0m[0;32mINFO  2016/02/11 05:32:27 build.go:172: Cleaning dir tmp
[0m[0;32mINFO  2016/02/11 05:32:27 build.go:172: Cleaning dir routes
[0m[0;32mINFO  2016/02/11 05:32:27 build.go:172: Cleaning dir tmp
[0m[0;32mINFO  2016/02/11 05:32:27 build.go:172: Cleaning dir routes
[0m[0;31mERROR 2016/02/11 05:32:29 build.go:101: # webfrontend/app/models
src/webfrontend/app/models/series.go:68: cannot use &series (type *[]Series) as type []*Series in return argument

[0m[0;32mINFO  2016/02/11 05:32:48 build.go:172: Cleaning dir tmp
[0m[0;32mINFO  2016/02/11 05:32:48 build.go:172: Cleaning dir routes
[0m[0;32mINFO  2016/02/11 05:32:48 build.go:172: Cleaning dir tmp
[0m[0;32mINFO  2016/02/11 05:32:48 build.go:172: Cleaning dir routes
[0m[0;31mERROR 2016/02/11 05:32:50 build.go:101: # webfrontend/app/models
src/webfrontend/app/models/series.go:61: cannot use Series literal (type Series) as type *Series in append

[0m[0;32mINFO  2016/02/11 05:32:50 build.go:172: Cleaning dir tmp
[0m[0;32mINFO  2016/02/11 05:32:50 build.go:172: Cleaning dir routes
[0m[0;32mINFO  2016/02/11 05:32:50 build.go:172: Cleaning dir tmp
[0m[0;32mINFO  2016/02/11 05:32:50 build.go:172: Cleaning dir routes
[0m[0;31mERROR 2016/02/11 05:32:52 build.go:101: # webfrontend/app/models
src/webfrontend/app/models/series.go:61: cannot use Series literal (type Series) as type *Series in append

[0m[0;32mINFO  2016/02/11 05:32:52 build.go:172: Cleaning dir tmp
[0m[0;32mINFO  2016/02/11 05:32:52 build.go:172: Cleaning dir routes
[0m[0;32mINFO  2016/02/11 05:32:52 build.go:172: Cleaning dir tmp
[0m[0;32mINFO  2016/02/11 05:32:52 build.go:172: Cleaning dir routes
[0m[0;31mERROR 2016/02/11 05:32:53 build.go:101: # webfrontend/app/models
src/webfrontend/app/models/series.go:61: cannot use Series literal (type Series) as type *Series in append

[0m[0;32mINFO  2016/02/11 05:32:53 build.go:172: Cleaning dir tmp
[0m[0;32mINFO  2016/02/11 05:32:53 build.go:172: Cleaning dir routes
[0m[0;32mINFO  2016/02/11 05:32:54 build.go:172: Cleaning dir tmp
[0m[0;32mINFO  2016/02/11 05:32:54 build.go:172: Cleaning dir routes
[0m[0;31mERROR 2016/02/11 05:32:55 build.go:101: # webfrontend/app/models
src/webfrontend/app/models/series.go:61: cannot use Series literal (type Series) as type *Series in append

[0m[0;32mINFO  2016/02/11 05:32:55 build.go:172: Cleaning dir tmp
[0m[0;32mINFO  2016/02/11 05:32:55 build.go:172: Cleaning dir routes
[0m[0;32mINFO  2016/02/11 05:32:55 build.go:172: Cleaning dir tmp
[0m[0;32mINFO  2016/02/11 05:32:55 build.go:172: Cleaning dir routes
[0m[0;31mERROR 2016/02/11 05:32:57 build.go:101: # webfrontend/app/models
src/webfrontend/app/models/series.go:61: cannot use Series literal (type Series) as type *Series in append

[0m[0;32mINFO  2016/02/11 05:32:57 build.go:172: Cleaning dir tmp
[0m[0;32mINFO  2016/02/11 05:32:57 build.go:172: Cleaning dir routes
[0m[0;32mINFO  2016/02/11 05:32:57 build.go:172: Cleaning dir tmp
[0m[0;32mINFO  2016/02/11 05:32:57 build.go:172: Cleaning dir routes
[0m[0;31mERROR 2016/02/11 05:32:59 build.go:101: # webfrontend/app/models
src/webfrontend/app/models/series.go:61: cannot use Series literal (type Series) as type *Series in append

[0m[0;32mINFO  2016/02/11 05:33:16 build.go:172: Cleaning dir tmp
[0m[0;32mINFO  2016/02/11 05:33:16 build.go:172: Cleaning dir routes
[0m[0;32mINFO  2016/02/11 05:33:17 build.go:172: Cleaning dir tmp
[0m[0;32mINFO  2016/02/11 05:33:17 build.go:172: Cleaning dir routes
[0m[0;32mINFO  2016/02/11 05:33:27 revel.go:329: Loaded module static
[0m[0;32mINFO  2016/02/11 05:33:27 revel.go:329: Loaded module testrunner
[0m[0;32mINFO  2016/02/11 05:33:27 revel.go:206: Initialized Revel v0.12.0 (2015-03-25) for >= go1.3
[0m[0;32mINFO  2016/02/11 05:33:27 main.go:30: Running revel server
[0m[0;32mINFO  2016/02/11 05:33:27 init.go:12: DB Loading
[0m[0;32mINFO  2016/02/11 05:33:27 init.go:20: DB Connected
[0mGo to /@tests to run the tests.
Listening on :41792...
[0;32mINFO  2016/02/11 05:33:27 build.go:172: Cleaning dir tmp
[0m[0;32mINFO  2016/02/11 05:33:27 build.go:172: Cleaning dir routes
[0m[0;32mINFO  2016/02/11 05:33:27 build.go:172: Cleaning dir tmp
[0m[0;32mINFO  2016/02/11 05:33:27 build.go:172: Cleaning dir routes
[0m[0;32mINFO  2016/02/11 05:33:38 revel.go:329: Loaded module testrunner
[0m[0;32mINFO  2016/02/11 05:33:38 revel.go:329: Loaded module static
[0m[0;32mINFO  2016/02/11 05:33:38 revel.go:206: Initialized Revel v0.12.0 (2015-03-25) for >= go1.3
[0m[0;32mINFO  2016/02/11 05:33:38 main.go:30: Running revel server
[0m[0;32mINFO  2016/02/11 05:33:38 init.go:12: DB Loading
[0m[0;32mINFO  2016/02/11 05:33:38 init.go:20: DB Connected
[0mGo to /@tests to run the tests.
Listening on :41792...
[0;32mINFO  2016/02/11 05:33:38 build.go:172: Cleaning dir tmp
[0m[0;32mINFO  2016/02/11 05:33:38 build.go:172: Cleaning dir routes
[0m[0;32mINFO  2016/02/11 05:33:38 build.go:172: Cleaning dir tmp
[0m[0;32mINFO  2016/02/11 05:33:38 build.go:172: Cleaning dir routes
[0m[0;32mINFO  2016/02/11 05:33:48 revel.go:329: Loaded module static
[0m[0;32mINFO  2016/02/11 05:33:48 revel.go:329: Loaded module testrunner
[0m[0;32mINFO  2016/02/11 05:33:48 revel.go:206: Initialized Revel v0.12.0 (2015-03-25) for >= go1.3
[0m[0;32mINFO  2016/02/11 05:33:48 main.go:30: Running revel server
[0m[0;32mINFO  2016/02/11 05:33:48 init.go:12: DB Loading
[0m[0;32mINFO  2016/02/11 05:33:48 init.go:20: DB Connected
[0mGo to /@tests to run the tests.
Listening on :41792...
[0;32mINFO  2016/02/11 05:33:48 build.go:172: Cleaning dir tmp
[0m[0;32mINFO  2016/02/11 05:33:48 build.go:172: Cleaning dir routes
[0m[0;32mINFO  2016/02/11 05:33:48 build.go:172: Cleaning dir tmp
[0m[0;32mINFO  2016/02/11 05:33:48 build.go:172: Cleaning dir routes
[0m[0;32mINFO  2016/02/11 05:33:58 revel.go:329: Loaded module testrunner
[0m[0;32mINFO  2016/02/11 05:33:58 revel.go:329: Loaded module static
[0m[0;32mINFO  2016/02/11 05:33:58 revel.go:206: Initialized Revel v0.12.0 (2015-03-25) for >= go1.3
[0m[0;32mINFO  2016/02/11 05:33:58 main.go:30: Running revel server
[0mGo to /@tests to run the tests.
[0;32mINFO  2016/02/11 05:33:58 init.go:12: DB Loading
[0m[0;32mINFO  2016/02/11 05:33:58 init.go:20: DB Connected
[0mListening on :41792...
[0;32mINFO  2016/02/11 05:33:58 build.go:172: Cleaning dir tmp
[0m[0;32mINFO  2016/02/11 05:33:58 build.go:172: Cleaning dir routes
[0m[0;32mINFO  2016/02/11 05:33:58 build.go:172: Cleaning dir tmp
[0m[0;32mINFO  2016/02/11 05:33:58 build.go:172: Cleaning dir routes
[0m[0;32mINFO  2016/02/11 05:34:09 revel.go:329: Loaded module static
[0m[0;32mINFO  2016/02/11 05:34:09 revel.go:329: Loaded module testrunner
[0m[0;32mINFO  2016/02/11 05:34:09 revel.go:206: Initialized Revel v0.12.0 (2015-03-25) for >= go1.3
[0m[0;32mINFO  2016/02/11 05:34:09 main.go:30: Running revel server
[0mGo to /@tests to run the tests.
[0;32mINFO  2016/02/11 05:34:09 init.go:12: DB Loading
[0m[0;32mINFO  2016/02/11 05:34:09 init.go:20: DB Connected
[0mListening on :41792...
[0;31mERROR 2016/02/11 05:34:09 results.go:232: Template Execution Error (in Series/Index.html): 2: executing "Series/Index.html" at <call $series.SeasonC...>: error calling call: non-function of type int64
[0m2016/02/11 05:34:09 server.go:1934: http: multiple response.WriteHeader calls
[0;31mERROR 2016/02/11 05:34:46 template.go:230: error walking templates: lstat /home/godev/ARES/src/webfrontend/app/views/Series/Index.html~: no such file or directory
[0m[0;32mINFO  2016/02/11 05:43:50 build.go:172: Cleaning dir tmp
[0m[0;32mINFO  2016/02/11 05:43:50 build.go:172: Cleaning dir routes
[0m[0;32mINFO  2016/02/11 05:43:50 build.go:172: Cleaning dir tmp
[0m[0;32mINFO  2016/02/11 05:43:50 build.go:172: Cleaning dir routes
[0m[0;32mINFO  2016/02/11 05:44:01 revel.go:329: Loaded module static
[0m[0;32mINFO  2016/02/11 05:44:01 revel.go:329: Loaded module testrunner
[0m[0;32mINFO  2016/02/11 05:44:01 revel.go:206: Initialized Revel v0.12.0 (2015-03-25) for >= go1.3
[0m[0;32mINFO  2016/02/11 05:44:01 main.go:30: Running revel server
[0mGo to /@tests to run the tests.
[0;32mINFO  2016/02/11 05:44:01 init.go:12: DB Loading
[0m[0;32mINFO  2016/02/11 05:44:01 init.go:20: DB Connected
[0mListening on :41792...
[0;32mINFO  2016/02/11 05:44:01 build.go:172: Cleaning dir tmp
[0m[0;32mINFO  2016/02/11 05:44:01 build.go:172: Cleaning dir routes
[0m[0;32mINFO  2016/02/11 05:44:01 build.go:172: Cleaning dir tmp
[0m[0;32mINFO  2016/02/11 05:44:01 build.go:172: Cleaning dir routes
[0m[0;32mINFO  2016/02/11 05:44:11 revel.go:329: Loaded module static
[0m[0;32mINFO  2016/02/11 05:44:11 revel.go:329: Loaded module testrunner
[0m[0;32mINFO  2016/02/11 05:44:11 revel.go:206: Initialized Revel v0.12.0 (2015-03-25) for >= go1.3
[0m[0;32mINFO  2016/02/11 05:44:11 main.go:30: Running revel server
[0mGo to /@tests to run the tests.
[0;32mINFO  2016/02/11 05:44:11 init.go:12: DB Loading
[0m[0;32mINFO  2016/02/11 05:44:11 init.go:20: DB Connected
[0mListening on :41792...
[0;32mINFO  2016/02/11 05:44:11 build.go:172: Cleaning dir tmp
[0m[0;32mINFO  2016/02/11 05:44:11 build.go:172: Cleaning dir routes
[0m[0;32mINFO  2016/02/11 05:44:11 build.go:172: Cleaning dir tmp
[0m[0;32mINFO  2016/02/11 05:44:11 build.go:172: Cleaning dir routes
[0m[0;32mINFO  2016/02/11 05:44:21 revel.go:329: Loaded module testrunner
[0m[0;32mINFO  2016/02/11 05:44:21 revel.go:329: Loaded module static
[0m[0;32mINFO  2016/02/11 05:44:21 revel.go:206: Initialized Revel v0.12.0 (2015-03-25) for >= go1.3
[0m[0;32mINFO  2016/02/11 05:44:21 main.go:30: Running revel server
[0m[0;32mINFO  2016/02/11 05:44:22 init.go:12: DB Loading
[0m[0;32mINFO  2016/02/11 05:44:22 init.go:20: DB Connected
[0mGo to /@tests to run the tests.
Listening on :41792...
[0;32mINFO  2016/02/11 05:44:22 build.go:172: Cleaning dir tmp
[0m[0;32mINFO  2016/02/11 05:44:22 build.go:172: Cleaning dir routes
[0m[0;32mINFO  2016/02/11 05:44:22 build.go:172: Cleaning dir tmp
[0m[0;32mINFO  2016/02/11 05:44:22 build.go:172: Cleaning dir routes
[0m[0;32mINFO  2016/02/11 05:44:32 revel.go:329: Loaded module static
[0m[0;32mINFO  2016/02/11 05:44:32 revel.go:329: Loaded module testrunner
[0m[0;32mINFO  2016/02/11 05:44:32 revel.go:206: Initialized Revel v0.12.0 (2015-03-25) for >= go1.3
[0m[0;32mINFO  2016/02/11 05:44:32 main.go:30: Running revel server
[0m[0;32mINFO  2016/02/11 05:44:32 init.go:12: DB Loading
[0m[0;32mINFO  2016/02/11 05:44:32 init.go:20: DB Connected
[0mGo to /@tests to run the tests.
Listening on :41792...
[0;32mINFO  2016/02/11 05:44:32 build.go:172: Cleaning dir tmp
[0m[0;32mINFO  2016/02/11 05:44:32 build.go:172: Cleaning dir routes
[0m[0;32mINFO  2016/02/11 05:44:32 build.go:172: Cleaning dir tmp
[0m[0;32mINFO  2016/02/11 05:44:32 build.go:172: Cleaning dir routes
[0m[0;32mINFO  2016/02/11 05:44:42 revel.go:329: Loaded module static
[0m[0;32mINFO  2016/02/11 05:44:42 revel.go:329: Loaded module testrunner
[0m[0;32mINFO  2016/02/11 05:44:42 revel.go:206: Initialized Revel v0.12.0 (2015-03-25) for >= go1.3
[0m[0;32mINFO  2016/02/11 05:44:42 main.go:30: Running revel server
[0mGo to /@tests to run the tests.
[0;32mINFO  2016/02/11 05:44:42 init.go:12: DB Loading
[0m[0;32mINFO  2016/02/11 05:44:42 init.go:20: DB Connected
[0mListening on :41792...
[0;32mINFO  2016/02/11 05:44:42 build.go:172: Cleaning dir tmp
[0m[0;32mINFO  2016/02/11 05:44:42 build.go:172: Cleaning dir routes
[0m[0;32mINFO  2016/02/11 05:44:43 build.go:172: Cleaning dir tmp
[0m[0;32mINFO  2016/02/11 05:44:43 build.go:172: Cleaning dir routes
[0m[0;32mINFO  2016/02/11 05:44:53 revel.go:329: Loaded module static
[0m[0;32mINFO  2016/02/11 05:44:53 revel.go:329: Loaded module testrunner
[0m[0;32mINFO  2016/02/11 05:44:53 revel.go:206: Initialized Revel v0.12.0 (2015-03-25) for >= go1.3
[0m[0;32mINFO  2016/02/11 05:44:53 main.go:30: Running revel server
[0m[0;32mINFO  2016/02/11 05:44:53 init.go:12: DB Loading
[0m[0;32mINFO  2016/02/11 05:44:53 init.go:20: DB Connected
[0mGo to /@tests to run the tests.
Listening on :41792...
[0;31mERROR 2016/02/11 05:45:56 template.go:230: error walking templates: lstat /home/godev/ARES/src/webfrontend/app/views/Series/Index.html~: no such file or directory
[0m2016/02/11 05:45:59 series.go:49: sql: expected 2 destination arguments in Scan, not 1
2016/02/11 05:45:59 reverseproxy.go:249: http: proxy error: EOF
[0;32mINFO  2016/02/11 05:46:25 build.go:172: Cleaning dir tmp
[0m[0;32mINFO  2016/02/11 05:46:25 build.go:172: Cleaning dir routes
[0m[0;32mINFO  2016/02/11 05:46:25 build.go:172: Cleaning dir tmp
[0m[0;32mINFO  2016/02/11 05:46:25 build.go:172: Cleaning dir routes
[0m[0;32mINFO  2016/02/11 05:46:35 revel.go:329: Loaded module static
[0m[0;32mINFO  2016/02/11 05:46:35 revel.go:329: Loaded module testrunner
[0m[0;32mINFO  2016/02/11 05:46:35 revel.go:206: Initialized Revel v0.12.0 (2015-03-25) for >= go1.3
[0m[0;32mINFO  2016/02/11 05:46:35 main.go:30: Running revel server
[0m[0;32mINFO  2016/02/11 05:46:35 init.go:12: DB Loading
[0m[0;32mINFO  2016/02/11 05:46:35 init.go:20: DB Connected
[0mGo to /@tests to run the tests.
Listening on :41792...
[0;32mINFO  2016/02/11 05:46:36 build.go:172: Cleaning dir tmp
[0m[0;32mINFO  2016/02/11 05:46:36 build.go:172: Cleaning dir routes
[0m[0;32mINFO  2016/02/11 05:46:36 build.go:172: Cleaning dir tmp
[0m[0;32mINFO  2016/02/11 05:46:36 build.go:172: Cleaning dir routes
[0m[0;32mINFO  2016/02/11 05:46:46 revel.go:329: Loaded module testrunner
[0m[0;32mINFO  2016/02/11 05:46:46 revel.go:329: Loaded module static
[0m[0;32mINFO  2016/02/11 05:46:46 revel.go:206: Initialized Revel v0.12.0 (2015-03-25) for >= go1.3
[0m[0;32mINFO  2016/02/11 05:46:46 main.go:30: Running revel server
[0m[0;32mINFO  2016/02/11 05:46:46 init.go:12: DB Loading
[0m[0;32mINFO  2016/02/11 05:46:46 init.go:20: DB Connected
[0mGo to /@tests to run the tests.
Listening on :41792...
[0;32mINFO  2016/02/11 05:46:46 build.go:172: Cleaning dir tmp
[0m[0;32mINFO  2016/02/11 05:46:46 build.go:172: Cleaning dir routes
[0m[0;32mINFO  2016/02/11 05:46:46 build.go:172: Cleaning dir tmp
[0m[0;32mINFO  2016/02/11 05:46:46 build.go:172: Cleaning dir routes
[0m[0;32mINFO  2016/02/11 05:46:57 revel.go:329: Loaded module static
[0m[0;32mINFO  2016/02/11 05:46:57 revel.go:329: Loaded module testrunner
[0m[0;32mINFO  2016/02/11 05:46:57 revel.go:206: Initialized Revel v0.12.0 (2015-03-25) for >= go1.3
[0m[0;32mINFO  2016/02/11 05:46:57 main.go:30: Running revel server
[0m[0;32mINFO  2016/02/11 05:46:57 init.go:12: DB Loading
[0m[0;32mINFO  2016/02/11 05:46:57 init.go:20: DB Connected
[0mGo to /@tests to run the tests.
Listening on :41792...
[0;32mINFO  2016/02/11 05:49:16 build.go:172: Cleaning dir tmp
[0m[0;32mINFO  2016/02/11 05:49:16 build.go:172: Cleaning dir routes
[0m[0;32mINFO  2016/02/11 05:49:16 build.go:172: Cleaning dir tmp
[0m[0;32mINFO  2016/02/11 05:49:16 build.go:172: Cleaning dir routes
[0m[0;32mINFO  2016/02/11 05:49:26 revel.go:329: Loaded module testrunner
[0m[0;32mINFO  2016/02/11 05:49:26 revel.go:329: Loaded module static
[0m[0;32mINFO  2016/02/11 05:49:26 revel.go:206: Initialized Revel v0.12.0 (2015-03-25) for >= go1.3
[0m[0;32mINFO  2016/02/11 05:49:26 main.go:30: Running revel server
[0m[0;32mINFO  2016/02/11 05:49:26 init.go:12: DB Loading
[0m[0;32mINFO  2016/02/11 05:49:26 init.go:20: DB Connected
[0mGo to /@tests to run the tests.
Listening on :41792...
[0;32mINFO  2016/02/11 05:49:26 build.go:172: Cleaning dir tmp
[0m[0;32mINFO  2016/02/11 05:49:26 build.go:172: Cleaning dir routes
[0m[0;32mINFO  2016/02/11 05:49:27 build.go:172: Cleaning dir tmp
[0m[0;32mINFO  2016/02/11 05:49:27 build.go:172: Cleaning dir routes
[0m[0;32mINFO  2016/02/11 05:49:37 revel.go:329: Loaded module testrunner
[0m[0;32mINFO  2016/02/11 05:49:37 revel.go:329: Loaded module static
[0m[0;32mINFO  2016/02/11 05:49:37 revel.go:206: Initialized Revel v0.12.0 (2015-03-25) for >= go1.3
[0m[0;32mINFO  2016/02/11 05:49:37 main.go:30: Running revel server
[0mGo to /@tests to run the tests.
[0;32mINFO  2016/02/11 05:49:37 init.go:12: DB Loading
[0m[0;32mINFO  2016/02/11 05:49:37 init.go:20: DB Connected
[0mListening on :41792...
[0;32mINFO  2016/02/11 05:49:37 build.go:172: Cleaning dir tmp
[0m[0;32mINFO  2016/02/11 05:49:37 build.go:172: Cleaning dir routes
[0m[0;32mINFO  2016/02/11 05:49:37 build.go:172: Cleaning dir tmp
[0m[0;32mINFO  2016/02/11 05:49:37 build.go:172: Cleaning dir routes
[0m[0;32mINFO  2016/02/11 05:49:47 revel.go:329: Loaded module static
[0m[0;32mINFO  2016/02/11 05:49:47 revel.go:329: Loaded module testrunner
[0m[0;32mINFO  2016/02/11 05:49:47 revel.go:206: Initialized Revel v0.12.0 (2015-03-25) for >= go1.3
[0m[0;32mINFO  2016/02/11 05:49:47 main.go:30: Running revel server
[0mGo to /@tests to run the tests.
[0;32mINFO  2016/02/11 05:49:47 init.go:12: DB Loading
[0m[0;32mINFO  2016/02/11 05:49:47 init.go:20: DB Connected
[0mListening on :41792...
[0;32mINFO  2016/02/11 05:49:48 build.go:172: Cleaning dir tmp
[0m[0;32mINFO  2016/02/11 05:49:48 build.go:172: Cleaning dir routes
[0m[0;32mINFO  2016/02/11 05:49:48 build.go:172: Cleaning dir tmp
[0m[0;32mINFO  2016/02/11 05:49:48 build.go:172: Cleaning dir routes
[0m[0;32mINFO  2016/02/11 05:49:58 revel.go:329: Loaded module static
[0m[0;32mINFO  2016/02/11 05:49:58 revel.go:329: Loaded module testrunner
[0m[0;32mINFO  2016/02/11 05:49:58 revel.go:206: Initialized Revel v0.12.0 (2015-03-25) for >= go1.3
[0m[0;32mINFO  2016/02/11 05:49:58 main.go:30: Running revel server
[0m[0;32mINFO  2016/02/11 05:49:58 init.go:12: DB Loading
[0mGo to /@tests to run the tests.
[0;32mINFO  2016/02/11 05:49:58 init.go:20: DB Connected
[0mListening on :41792...
[0;32mINFO  2016/02/11 05:49:58 build.go:172: Cleaning dir tmp
[0m[0;32mINFO  2016/02/11 05:49:58 build.go:172: Cleaning dir routes
[0m[0;32mINFO  2016/02/11 05:49:58 build.go:172: Cleaning dir tmp
[0m[0;32mINFO  2016/02/11 05:49:58 build.go:172: Cleaning dir routes
[0m[0;32mINFO  2016/02/11 05:50:09 revel.go:329: Loaded module static
[0m[0;32mINFO  2016/02/11 05:50:09 revel.go:329: Loaded module testrunner
[0m[0;32mINFO  2016/02/11 05:50:09 revel.go:206: Initialized Revel v0.12.0 (2015-03-25) for >= go1.3
[0m[0;32mINFO  2016/02/11 05:50:09 main.go:30: Running revel server
[0m[0;32mINFO  2016/02/11 05:50:09 init.go:12: DB Loading
[0m[0;32mINFO  2016/02/11 05:50:09 init.go:20: DB Connected
[0mGo to /@tests to run the tests.
Listening on :41792...
[0;32mINFO  2016/02/11 05:50:09 build.go:172: Cleaning dir tmp
[0m[0;32mINFO  2016/02/11 05:50:09 build.go:172: Cleaning dir routes
[0m[0;32mINFO  2016/02/11 05:50:09 build.go:172: Cleaning dir tmp
[0m[0;32mINFO  2016/02/11 05:50:09 build.go:172: Cleaning dir routes
[0m[0;32mINFO  2016/02/11 05:50:20 revel.go:329: Loaded module testrunner
[0m[0;32mINFO  2016/02/11 05:50:20 revel.go:329: Loaded module static
[0m[0;32mINFO  2016/02/11 05:50:20 revel.go:206: Initialized Revel v0.12.0 (2015-03-25) for >= go1.3
[0m[0;32mINFO  2016/02/11 05:50:20 main.go:30: Running revel server
[0m[0;32mINFO  2016/02/11 05:50:20 init.go:12: DB Loading
[0m[0;32mINFO  2016/02/11 05:50:20 init.go:20: DB Connected
[0mGo to /@tests to run the tests.
Listening on :41792...
2016/02/11 05:50:20 series.go:49: sql: no rows in result set
2016/02/11 05:50:20 reverseproxy.go:249: http: proxy error: EOF
[0;32mINFO  2016/02/11 05:51:02 build.go:172: Cleaning dir tmp
[0m[0;32mINFO  2016/02/11 05:51:02 build.go:172: Cleaning dir routes
[0m[0;32mINFO  2016/02/11 05:51:02 build.go:172: Cleaning dir tmp
[0m[0;32mINFO  2016/02/11 05:51:02 build.go:172: Cleaning dir routes
[0m[0;32mINFO  2016/02/11 05:51:12 revel.go:329: Loaded module static
[0m[0;32mINFO  2016/02/11 05:51:12 revel.go:329: Loaded module testrunner
[0m[0;32mINFO  2016/02/11 05:51:12 revel.go:206: Initialized Revel v0.12.0 (2015-03-25) for >= go1.3
[0m[0;32mINFO  2016/02/11 05:51:12 main.go:30: Running revel server
[0m[0;32mINFO  2016/02/11 05:51:12 init.go:12: DB Loading
[0m[0;32mINFO  2016/02/11 05:51:12 init.go:20: DB Connected
[0mGo to /@tests to run the tests.
Listening on :41792...
[0;32mINFO  2016/02/11 05:51:12 build.go:172: Cleaning dir tmp
[0m[0;32mINFO  2016/02/11 05:51:12 build.go:172: Cleaning dir routes
[0m[0;32mINFO  2016/02/11 05:51:12 build.go:172: Cleaning dir tmp
[0m[0;32mINFO  2016/02/11 05:51:12 build.go:172: Cleaning dir routes
[0m[0;32mINFO  2016/02/11 05:51:22 revel.go:329: Loaded module testrunner
[0m[0;32mINFO  2016/02/11 05:51:22 revel.go:329: Loaded module static
[0m[0;32mINFO  2016/02/11 05:51:22 revel.go:206: Initialized Revel v0.12.0 (2015-03-25) for >= go1.3
[0m[0;32mINFO  2016/02/11 05:51:22 main.go:30: Running revel server
[0mGo to /@tests to run the tests.
[0;32mINFO  2016/02/11 05:51:22 init.go:12: DB Loading
[0m[0;32mINFO  2016/02/11 05:51:22 init.go:20: DB Connected
[0mListening on :41792...
[0;32mINFO  2016/02/11 05:51:22 build.go:172: Cleaning dir tmp
[0m[0;32mINFO  2016/02/11 05:51:22 build.go:172: Cleaning dir routes
[0m[0;32mINFO  2016/02/11 05:51:22 build.go:172: Cleaning dir tmp
[0m[0;32mINFO  2016/02/11 05:51:22 build.go:172: Cleaning dir routes
[0m[0;32mINFO  2016/02/11 05:51:32 revel.go:329: Loaded module testrunner
[0m[0;32mINFO  2016/02/11 05:51:32 revel.go:329: Loaded module static
[0m[0;32mINFO  2016/02/11 05:51:32 revel.go:206: Initialized Revel v0.12.0 (2015-03-25) for >= go1.3
[0m[0;32mINFO  2016/02/11 05:51:32 main.go:30: Running revel server
[0mGo to /@tests to run the tests.
[0;32mINFO  2016/02/11 05:51:32 init.go:12: DB Loading
[0m[0;32mINFO  2016/02/11 05:51:32 init.go:20: DB Connected
[0mListening on :41792...
[0;32mINFO  2016/02/11 05:51:32 build.go:172: Cleaning dir tmp
[0m[0;32mINFO  2016/02/11 05:51:32 build.go:172: Cleaning dir routes
[0m[0;32mINFO  2016/02/11 05:51:32 build.go:172: Cleaning dir tmp
[0m[0;32mINFO  2016/02/11 05:51:32 build.go:172: Cleaning dir routes
[0m[0;32mINFO  2016/02/11 05:51:43 revel.go:329: Loaded module static
[0m[0;32mINFO  2016/02/11 05:51:43 revel.go:329: Loaded module testrunner
[0m[0;32mINFO  2016/02/11 05:51:43 revel.go:206: Initialized Revel v0.12.0 (2015-03-25) for >= go1.3
[0m[0;32mINFO  2016/02/11 05:51:43 main.go:30: Running revel server
[0m[0;32mINFO  2016/02/11 05:51:43 init.go:12: DB Loading
[0m[0;32mINFO  2016/02/11 05:51:43 init.go:20: DB Connected
[0mGo to /@tests to run the tests.
Listening on :41792...
[0;32mINFO  2016/02/11 05:51:43 build.go:172: Cleaning dir tmp
[0m[0;32mINFO  2016/02/11 05:51:43 build.go:172: Cleaning dir routes
[0m[0;32mINFO  2016/02/11 05:51:43 build.go:172: Cleaning dir tmp
[0m[0;32mINFO  2016/02/11 05:51:43 build.go:172: Cleaning dir routes
[0m[0;32mINFO  2016/02/11 05:51:53 revel.go:329: Loaded module testrunner
[0m[0;32mINFO  2016/02/11 05:51:53 revel.go:329: Loaded module static
[0m[0;32mINFO  2016/02/11 05:51:53 revel.go:206: Initialized Revel v0.12.0 (2015-03-25) for >= go1.3
[0m[0;32mINFO  2016/02/11 05:51:53 main.go:30: Running revel server
[0mGo to /@tests to run the tests.
[0;32mINFO  2016/02/11 05:51:53 init.go:12: DB Loading
[0m[0;32mINFO  2016/02/11 05:51:53 init.go:20: DB Connected
[0mListening on :41792...
[0;32mINFO  2016/02/11 05:51:53 build.go:172: Cleaning dir tmp
[0m[0;32mINFO  2016/02/11 05:51:53 build.go:172: Cleaning dir routes
[0m[0;32mINFO  2016/02/11 05:51:54 build.go:172: Cleaning dir tmp
[0m[0;32mINFO  2016/02/11 05:51:54 build.go:172: Cleaning dir routes
[0m[0;32mINFO  2016/02/11 05:52:04 revel.go:329: Loaded module static
[0m[0;32mINFO  2016/02/11 05:52:04 revel.go:329: Loaded module testrunner
[0m[0;32mINFO  2016/02/11 05:52:04 revel.go:206: Initialized Revel v0.12.0 (2015-03-25) for >= go1.3
[0m[0;32mINFO  2016/02/11 05:52:04 main.go:30: Running revel server
[0m[0;32mINFO  2016/02/11 05:52:04 init.go:12: DB Loading
[0m[0;32mINFO  2016/02/11 05:52:04 init.go:20: DB Connected
[0mGo to /@tests to run the tests.
Listening on :41792...
[0;32mINFO  2016/02/11 06:01:35 build.go:172: Cleaning dir tmp
[0m[0;32mINFO  2016/02/11 06:01:35 build.go:172: Cleaning dir routes
[0m[0;32mINFO  2016/02/11 06:01:35 build.go:172: Cleaning dir tmp
[0m[0;32mINFO  2016/02/11 06:01:35 build.go:172: Cleaning dir routes
[0m[0;32mINFO  2016/02/11 06:01:46 revel.go:329: Loaded module testrunner
[0m[0;32mINFO  2016/02/11 06:01:46 revel.go:329: Loaded module static
[0m[0;32mINFO  2016/02/11 06:01:46 revel.go:206: Initialized Revel v0.12.0 (2015-03-25) for >= go1.3
[0m[0;32mINFO  2016/02/11 06:01:46 main.go:30: Running revel server
[0mGo to /@tests to run the tests.
[0;32mINFO  2016/02/11 06:01:46 init.go:12: DB Loading
[0m[0;32mINFO  2016/02/11 06:01:46 init.go:20: DB Connected
[0mListening on :41792...
[0;32mINFO  2016/02/11 06:01:46 build.go:172: Cleaning dir tmp
[0m[0;32mINFO  2016/02/11 06:01:46 build.go:172: Cleaning dir routes
[0m[0;32mINFO  2016/02/11 06:01:46 build.go:172: Cleaning dir tmp
[0m[0;32mINFO  2016/02/11 06:01:46 build.go:172: Cleaning dir routes
[0m[0;32mINFO  2016/02/11 06:01:56 revel.go:329: Loaded module testrunner
[0m[0;32mINFO  2016/02/11 06:01:56 revel.go:329: Loaded module static
[0m[0;32mINFO  2016/02/11 06:01:56 revel.go:206: Initialized Revel v0.12.0 (2015-03-25) for >= go1.3
[0m[0;32mINFO  2016/02/11 06:01:56 main.go:30: Running revel server
[0m[0;32mINFO  2016/02/11 06:01:56 init.go:12: DB Loading
[0mGo to /@tests to run the tests.
[0;32mINFO  2016/02/11 06:01:56 init.go:20: DB Connected
[0mListening on :41792...
[0;32mINFO  2016/02/11 06:01:57 build.go:172: Cleaning dir tmp
[0m[0;32mINFO  2016/02/11 06:01:57 build.go:172: Cleaning dir routes
[0m[0;32mINFO  2016/02/11 06:01:57 build.go:172: Cleaning dir tmp
[0m[0;32mINFO  2016/02/11 06:01:57 build.go:172: Cleaning dir routes
[0m[0;32mINFO  2016/02/11 06:02:08 revel.go:329: Loaded module static
[0m[0;32mINFO  2016/02/11 06:02:08 revel.go:329: Loaded module testrunner
[0m[0;32mINFO  2016/02/11 06:02:08 revel.go:206: Initialized Revel v0.12.0 (2015-03-25) for >= go1.3
[0m[0;32mINFO  2016/02/11 06:02:08 main.go:30: Running revel server
[0m[0;32mINFO  2016/02/11 06:02:08 init.go:12: DB Loading
[0m[0;32mINFO  2016/02/11 06:02:08 init.go:20: DB Connected
[0mGo to /@tests to run the tests.
Listening on :41792...
[0;32mINFO  2016/02/11 06:02:08 build.go:172: Cleaning dir tmp
[0m[0;32mINFO  2016/02/11 06:02:08 build.go:172: Cleaning dir routes
[0m[0;32mINFO  2016/02/11 06:02:08 build.go:172: Cleaning dir tmp
[0m[0;32mINFO  2016/02/11 06:02:08 build.go:172: Cleaning dir routes
[0m[0;32mINFO  2016/02/11 06:02:18 revel.go:329: Loaded module static
[0m[0;32mINFO  2016/02/11 06:02:18 revel.go:329: Loaded module testrunner
[0m[0;32mINFO  2016/02/11 06:02:18 revel.go:206: Initialized Revel v0.12.0 (2015-03-25) for >= go1.3
[0m[0;32mINFO  2016/02/11 06:02:18 main.go:30: Running revel server
[0m[0;32mINFO  2016/02/11 06:02:18 init.go:12: DB Loading
[0m[0;32mINFO  2016/02/11 06:02:18 init.go:20: DB Connected
[0mGo to /@tests to run the tests.
Listening on :41792...
[0;32mINFO  2016/02/11 06:02:18 build.go:172: Cleaning dir tmp
[0m[0;32mINFO  2016/02/11 06:02:18 build.go:172: Cleaning dir routes
[0m[0;32mINFO  2016/02/11 06:02:19 build.go:172: Cleaning dir tmp
[0m[0;32mINFO  2016/02/11 06:02:19 build.go:172: Cleaning dir routes
[0m[0;32mINFO  2016/02/11 06:02:29 revel.go:329: Loaded module static
[0m[0;32mINFO  2016/02/11 06:02:29 revel.go:329: Loaded module testrunner
[0m[0;32mINFO  2016/02/11 06:02:29 revel.go:206: Initialized Revel v0.12.0 (2015-03-25) for >= go1.3
[0m[0;32mINFO  2016/02/11 06:02:29 main.go:30: Running revel server
[0m[0;32mINFO  2016/02/11 06:02:29 init.go:12: DB Loading
[0m[0;32mINFO  2016/02/11 06:02:29 init.go:20: DB Connected
[0mGo to /@tests to run the tests.
Listening on :41792...
[0;32mINFO  2016/02/11 06:02:29 build.go:172: Cleaning dir tmp
[0m[0;32mINFO  2016/02/11 06:02:29 build.go:172: Cleaning dir routes
[0m[0;32mINFO  2016/02/11 06:02:29 build.go:172: Cleaning dir tmp
[0m[0;32mINFO  2016/02/11 06:02:29 build.go:172: Cleaning dir routes
[0m[0;32mINFO  2016/02/11 06:02:39 revel.go:329: Loaded module static
[0m[0;32mINFO  2016/02/11 06:02:39 revel.go:329: Loaded module testrunner
[0m[0;32mINFO  2016/02/11 06:02:39 revel.go:206: Initialized Revel v0.12.0 (2015-03-25) for >= go1.3
[0m[0;32mINFO  2016/02/11 06:02:39 main.go:30: Running revel server
[0mGo to /@tests to run the tests.
[0;32mINFO  2016/02/11 06:02:39 init.go:12: DB Loading
[0m[0;32mINFO  2016/02/11 06:02:39 init.go:20: DB Connected
[0mListening on :41792...
[0;32mINFO  2016/02/11 06:04:30 build.go:172: Cleaning dir tmp
[0m[0;32mINFO  2016/02/11 06:04:30 build.go:172: Cleaning dir routes
[0m[0;32mINFO  2016/02/11 06:04:30 build.go:172: Cleaning dir tmp
[0m[0;32mINFO  2016/02/11 06:04:30 build.go:172: Cleaning dir routes
[0m[0;32mINFO  2016/02/11 06:04:30 build.go:172: Cleaning dir tmp
[0m[0;32mINFO  2016/02/11 06:04:30 build.go:172: Cleaning dir routes
[0m[0;31mERROR 2016/02/11 06:04:33 build.go:101: # webfrontend/app/controllers
src/webfrontend/app/controllers/app.go:8: App redeclared in this block
	previous declaration at src/webfrontend/app/controllers/about.go:8
src/webfrontend/app/controllers/app.go:12: App.Index redeclared in this block
	previous declaration at src/webfrontend/app/controllers/about.go:12
src/webfrontend/app/controllers/app.go:16: App.List redeclared in this block
	previous declaration at src/webfrontend/app/controllers/about.go:16

[0m[0;32mINFO  2016/02/11 06:04:36 build.go:172: Cleaning dir tmp
[0m[0;32mINFO  2016/02/11 06:04:36 build.go:172: Cleaning dir routes
[0m[0;32mINFO  2016/02/11 06:04:36 build.go:172: Cleaning dir tmp
[0m[0;32mINFO  2016/02/11 06:04:36 build.go:172: Cleaning dir routes
[0m[0;31mERROR 2016/02/11 06:04:38 build.go:101: # webfrontend/app/controllers
src/webfrontend/app/controllers/app.go:8: App redeclared in this block
	previous declaration at src/webfrontend/app/controllers/about.go:8
src/webfrontend/app/controllers/app.go:12: App.Index redeclared in this block
	previous declaration at src/webfrontend/app/controllers/about.go:12
src/webfrontend/app/controllers/app.go:16: App.List redeclared in this block
	previous declaration at src/webfrontend/app/controllers/about.go:16
src/webfrontend/app/controllers/contact.go:8: App redeclared in this block
	previous declaration at src/webfrontend/app/controllers/app.go:8
src/webfrontend/app/controllers/contact.go:12: App.Index redeclared in this block
	previous declaration at src/webfrontend/app/controllers/app.go:12
src/webfrontend/app/controllers/contact.go:16: App.List redeclared in this block
	previous declaration at src/webfrontend/app/controllers/app.go:16

[0m[0;32mINFO  2016/02/11 06:04:38 build.go:172: Cleaning dir tmp
[0m[0;32mINFO  2016/02/11 06:04:38 build.go:172: Cleaning dir routes
[0m[0;32mINFO  2016/02/11 06:04:38 build.go:172: Cleaning dir tmp
[0m[0;32mINFO  2016/02/11 06:04:38 build.go:172: Cleaning dir routes
[0m[0;31mERROR 2016/02/11 06:04:41 build.go:101: # webfrontend/app/controllers
src/webfrontend/app/controllers/app.go:8: App redeclared in this block
	previous declaration at src/webfrontend/app/controllers/about.go:8
src/webfrontend/app/controllers/app.go:12: App.Index redeclared in this block
	previous declaration at src/webfrontend/app/controllers/about.go:12
src/webfrontend/app/controllers/app.go:16: App.List redeclared in this block
	previous declaration at src/webfrontend/app/controllers/about.go:16
src/webfrontend/app/controllers/contact.go:8: App redeclared in this block
	previous declaration at src/webfrontend/app/controllers/app.go:8
src/webfrontend/app/controllers/contact.go:12: App.Index redeclared in this block
	previous declaration at src/webfrontend/app/controllers/app.go:12
src/webfrontend/app/controllers/contact.go:16: App.List redeclared in this block
	previous declaration at src/webfrontend/app/controllers/app.go:16

[0m[0;32mINFO  2016/02/11 06:05:19 build.go:172: Cleaning dir tmp
[0m[0;32mINFO  2016/02/11 06:05:19 build.go:172: Cleaning dir routes
[0m[0;32mINFO  2016/02/11 06:05:19 build.go:172: Cleaning dir tmp
[0m[0;32mINFO  2016/02/11 06:05:19 build.go:172: Cleaning dir routes
[0m[0;31mERROR 2016/02/11 06:05:21 build.go:101: # webfrontend/app/controllers
src/webfrontend/app/controllers/contact.go:8: App redeclared in this block
	previous declaration at src/webfrontend/app/controllers/app.go:8
src/webfrontend/app/controllers/contact.go:12: App.Index redeclared in this block
	previous declaration at src/webfrontend/app/controllers/app.go:12
src/webfrontend/app/controllers/contact.go:16: App.List redeclared in this block
	previous declaration at src/webfrontend/app/controllers/app.go:16

[0m[0;32mINFO  2016/02/11 06:05:21 build.go:172: Cleaning dir tmp
[0m[0;32mINFO  2016/02/11 06:05:21 build.go:172: Cleaning dir routes
[0m[0;32mINFO  2016/02/11 06:05:22 build.go:172: Cleaning dir tmp
[0m[0;32mINFO  2016/02/11 06:05:22 build.go:172: Cleaning dir routes
[0m[0;31mERROR 2016/02/11 06:05:24 build.go:101: # webfrontend/app/controllers
src/webfrontend/app/controllers/contact.go:8: App redeclared in this block
	previous declaration at src/webfrontend/app/controllers/app.go:8
src/webfrontend/app/controllers/contact.go:12: App.Index redeclared in this block
	previous declaration at src/webfrontend/app/controllers/app.go:12
src/webfrontend/app/controllers/contact.go:16: App.List redeclared in this block
	previous declaration at src/webfrontend/app/controllers/app.go:16

[0m[0;32mINFO  2016/02/11 06:05:24 build.go:172: Cleaning dir tmp
[0m[0;32mINFO  2016/02/11 06:05:24 build.go:172: Cleaning dir routes
[0m[0;32mINFO  2016/02/11 06:05:24 build.go:172: Cleaning dir tmp
[0m[0;32mINFO  2016/02/11 06:05:24 build.go:172: Cleaning dir routes
[0m[0;31mERROR 2016/02/11 06:05:26 build.go:101: # webfrontend/app/controllers
src/webfrontend/app/controllers/contact.go:7: About redeclared in this block
	previous declaration at src/webfrontend/app/controllers/about.go:7
src/webfrontend/app/controllers/contact.go:11: About.Index redeclared in this block
	previous declaration at src/webfrontend/app/controllers/about.go:11

[0m[0;32mINFO  2016/02/11 06:05:26 build.go:172: Cleaning dir tmp
[0m[0;32mINFO  2016/02/11 06:05:26 build.go:172: Cleaning dir routes
[0m[0;32mINFO  2016/02/11 06:05:26 build.go:172: Cleaning dir tmp
[0m[0;32mINFO  2016/02/11 06:05:26 build.go:172: Cleaning dir routes
[0m[0;31mERROR 2016/02/11 06:05:28 build.go:101: # webfrontend/app/controllers
src/webfrontend/app/controllers/contact.go:7: About redeclared in this block
	previous declaration at src/webfrontend/app/controllers/about.go:7
src/webfrontend/app/controllers/contact.go:11: About.Index redeclared in this block
	previous declaration at src/webfrontend/app/controllers/about.go:11

[0m[0;32mINFO  2016/02/11 06:05:28 build.go:172: Cleaning dir tmp
[0m[0;32mINFO  2016/02/11 06:05:28 build.go:172: Cleaning dir routes
[0m[0;32mINFO  2016/02/11 06:05:28 build.go:172: Cleaning dir tmp
[0m[0;32mINFO  2016/02/11 06:05:28 build.go:172: Cleaning dir routes
[0m[0;31mERROR 2016/02/11 06:05:31 build.go:101: # webfrontend/app/controllers
src/webfrontend/app/controllers/contact.go:7: About redeclared in this block
	previous declaration at src/webfrontend/app/controllers/about.go:7
src/webfrontend/app/controllers/contact.go:11: About.Index redeclared in this block
	previous declaration at src/webfrontend/app/controllers/about.go:11

[0m[0;32mINFO  2016/02/11 06:05:31 build.go:172: Cleaning dir tmp
[0m[0;32mINFO  2016/02/11 06:05:31 build.go:172: Cleaning dir routes
[0m[0;32mINFO  2016/02/11 06:05:31 build.go:172: Cleaning dir tmp
[0m[0;32mINFO  2016/02/11 06:05:31 build.go:172: Cleaning dir routes
[0m[0;31mERROR 2016/02/11 06:05:33 build.go:101: # webfrontend/app/controllers
src/webfrontend/app/controllers/contact.go:7: About redeclared in this block
	previous declaration at src/webfrontend/app/controllers/about.go:7
src/webfrontend/app/controllers/contact.go:11: About.Index redeclared in this block
	previous declaration at src/webfrontend/app/controllers/about.go:11

[0m[0;32mINFO  2016/02/11 06:05:33 build.go:172: Cleaning dir tmp
[0m[0;32mINFO  2016/02/11 06:05:33 build.go:172: Cleaning dir routes
[0m[0;32mINFO  2016/02/11 06:05:33 build.go:172: Cleaning dir tmp
[0m[0;32mINFO  2016/02/11 06:05:33 build.go:172: Cleaning dir routes
[0m[0;31mERROR 2016/02/11 06:05:35 build.go:101: # webfrontend/app/controllers
src/webfrontend/app/controllers/contact.go:7: About redeclared in this block
	previous declaration at src/webfrontend/app/controllers/about.go:7
src/webfrontend/app/controllers/contact.go:11: About.Index redeclared in this block
	previous declaration at src/webfrontend/app/controllers/about.go:11

[0m[0;32mINFO  2016/02/11 06:05:50 build.go:172: Cleaning dir tmp
[0m[0;32mINFO  2016/02/11 06:05:50 build.go:172: Cleaning dir routes
[0m[0;32mINFO  2016/02/11 06:05:50 build.go:172: Cleaning dir tmp
[0m[0;32mINFO  2016/02/11 06:05:50 build.go:172: Cleaning dir routes
[0m[0;32mINFO  2016/02/11 06:06:01 revel.go:329: Loaded module testrunner
[0m[0;32mINFO  2016/02/11 06:06:01 revel.go:329: Loaded module static
[0m[0;32mINFO  2016/02/11 06:06:01 revel.go:206: Initialized Revel v0.12.0 (2015-03-25) for >= go1.3
[0m[0;32mINFO  2016/02/11 06:06:01 main.go:30: Running revel server
[0m[0;32mINFO  2016/02/11 06:06:01 init.go:12: DB Loading
[0m[0;32mINFO  2016/02/11 06:06:01 init.go:20: DB Connected
[0mGo to /@tests to run the tests.
Listening on :41792...
[0;32mINFO  2016/02/11 06:06:01 build.go:172: Cleaning dir tmp
[0m[0;32mINFO  2016/02/11 06:06:01 build.go:172: Cleaning dir routes
[0m[0;32mINFO  2016/02/11 06:06:01 build.go:172: Cleaning dir tmp
[0m[0;32mINFO  2016/02/11 06:06:01 build.go:172: Cleaning dir routes
[0m[0;32mINFO  2016/02/11 06:06:12 revel.go:329: Loaded module static
[0m[0;32mINFO  2016/02/11 06:06:12 revel.go:329: Loaded module testrunner
[0m[0;32mINFO  2016/02/11 06:06:12 revel.go:206: Initialized Revel v0.12.0 (2015-03-25) for >= go1.3
[0m[0;32mINFO  2016/02/11 06:06:12 main.go:30: Running revel server
[0m[0;32mINFO  2016/02/11 06:06:12 init.go:12: DB Loading
[0m[0;32mINFO  2016/02/11 06:06:12 init.go:20: DB Connected
[0mGo to /@tests to run the tests.
Listening on :41792...
[0;32mINFO  2016/02/11 06:06:12 build.go:172: Cleaning dir tmp
[0m[0;32mINFO  2016/02/11 06:06:12 build.go:172: Cleaning dir routes
[0m[0;32mINFO  2016/02/11 06:06:12 build.go:172: Cleaning dir tmp
[0m[0;32mINFO  2016/02/11 06:06:12 build.go:172: Cleaning dir routes
[0m[0;32mINFO  2016/02/11 06:06:23 revel.go:329: Loaded module static
[0m[0;32mINFO  2016/02/11 06:06:23 revel.go:329: Loaded module testrunner
[0m[0;32mINFO  2016/02/11 06:06:23 revel.go:206: Initialized Revel v0.12.0 (2015-03-25) for >= go1.3
[0m[0;32mINFO  2016/02/11 06:06:23 main.go:30: Running revel server
[0m[0;32mINFO  2016/02/11 06:06:23 init.go:12: DB Loading
[0m[0;32mINFO  2016/02/11 06:06:23 init.go:20: DB Connected
[0mGo to /@tests to run the tests.
Listening on :41792...
[0;32mINFO  2016/02/11 06:06:23 build.go:172: Cleaning dir tmp
[0m[0;32mINFO  2016/02/11 06:06:23 build.go:172: Cleaning dir routes
[0m[0;32mINFO  2016/02/11 06:06:23 build.go:172: Cleaning dir tmp
[0m[0;32mINFO  2016/02/11 06:06:23 build.go:172: Cleaning dir routes
[0m[0;32mINFO  2016/02/11 06:06:34 revel.go:329: Loaded module static
[0m[0;32mINFO  2016/02/11 06:06:34 revel.go:329: Loaded module testrunner
[0m[0;32mINFO  2016/02/11 06:06:34 revel.go:206: Initialized Revel v0.12.0 (2015-03-25) for >= go1.3
[0m[0;32mINFO  2016/02/11 06:06:34 main.go:30: Running revel server
[0mGo to /@tests to run the tests.
[0;32mINFO  2016/02/11 06:06:34 init.go:12: DB Loading
[0m[0;32mINFO  2016/02/11 06:06:34 init.go:20: DB Connected
[0mListening on :41792...
[0;32mINFO  2016/02/11 06:06:34 build.go:172: Cleaning dir tmp
[0m[0;32mINFO  2016/02/11 06:06:34 build.go:172: Cleaning dir routes
[0m[0;32mINFO  2016/02/11 06:06:34 build.go:172: Cleaning dir tmp
[0m[0;32mINFO  2016/02/11 06:06:34 build.go:172: Cleaning dir routes
[0m[0;32mINFO  2016/02/11 06:06:44 revel.go:329: Loaded module testrunner
[0m[0;32mINFO  2016/02/11 06:06:44 revel.go:329: Loaded module static
[0m[0;32mINFO  2016/02/11 06:06:44 revel.go:206: Initialized Revel v0.12.0 (2015-03-25) for >= go1.3
[0m[0;32mINFO  2016/02/11 06:06:44 main.go:30: Running revel server
[0m[0;32mINFO  2016/02/11 06:06:44 init.go:12: DB Loading
[0mGo to /@tests to run the tests.
[0;32mINFO  2016/02/11 06:06:44 init.go:20: DB Connected
[0mListening on :41792...
[0;32mINFO  2016/02/11 06:06:45 build.go:172: Cleaning dir tmp
[0m[0;32mINFO  2016/02/11 06:06:45 build.go:172: Cleaning dir routes
[0m[0;32mINFO  2016/02/11 06:06:45 build.go:172: Cleaning dir tmp
[0m[0;32mINFO  2016/02/11 06:06:45 build.go:172: Cleaning dir routes
[0m[0;32mINFO  2016/02/11 06:06:55 revel.go:329: Loaded module testrunner
[0m[0;32mINFO  2016/02/11 06:06:55 revel.go:329: Loaded module static
[0m[0;32mINFO  2016/02/11 06:06:55 revel.go:206: Initialized Revel v0.12.0 (2015-03-25) for >= go1.3
[0m[0;32mINFO  2016/02/11 06:06:55 main.go:30: Running revel server
[0m[0;32mINFO  2016/02/11 06:06:55 init.go:12: DB Loading
[0m[0;32mINFO  2016/02/11 06:06:55 init.go:20: DB Connected
[0mGo to /@tests to run the tests.
Listening on :41792...
[0;32mINFO  2016/02/11 06:07:31 build.go:172: Cleaning dir tmp
[0m[0;32mINFO  2016/02/11 06:07:31 build.go:172: Cleaning dir routes
[0m[0;32mINFO  2016/02/11 06:07:31 build.go:172: Cleaning dir tmp
[0m[0;32mINFO  2016/02/11 06:07:31 build.go:172: Cleaning dir routes
[0m[0;32mINFO  2016/02/11 06:07:42 revel.go:329: Loaded module testrunner
[0m[0;32mINFO  2016/02/11 06:07:42 revel.go:329: Loaded module static
[0m[0;32mINFO  2016/02/11 06:07:42 revel.go:206: Initialized Revel v0.12.0 (2015-03-25) for >= go1.3
[0m[0;32mINFO  2016/02/11 06:07:42 main.go:30: Running revel server
[0m[0;31mERROR 2016/02/11 06:07:42 router.go:431: Route validation error (in /home/godev/ARES/src/webfrontend/conf/routes:8): revel/controller: failed to find controller About
[0mpanic: Route validation error (in /home/godev/ARES/src/webfrontend/conf/routes:8): revel/controller: failed to find controller About


goroutine 1 [running]:
log.(*Logger).Panicln(0xc8200814f0, 0xc8201398b0, 0x1, 0x1)
	/home/godev/.gvm/gos/go1.5/src/log/log.go:220 +0xbf
github.com/revel/revel.init.4.func1()
	/home/godev/anime/src/github.com/revel/revel/router.go:431 +0x479
github.com/revel/revel.runStartupHooks()
	/home/godev/anime/src/github.com/revel/revel/server.go:135 +0x5b
github.com/revel/revel.Run(0xa340)
	/home/godev/anime/src/github.com/revel/revel/server.go:92 +0x21d
main.main()
	/home/godev/ARES/src/webfrontend/app/tmp/main.go:217 +0x2c7b

goroutine 17 [syscall, locked to thread]:
runtime.goexit()
	/home/godev/.gvm/gos/go1.5/src/runtime/asm_amd64.s:1696 +0x1
[0;32mINFO  2016/02/11 06:07:42 build.go:172: Cleaning dir tmp
[0m[0;32mINFO  2016/02/11 06:07:42 build.go:172: Cleaning dir routes
[0m[0;32mINFO  2016/02/11 06:07:42 build.go:172: Cleaning dir tmp
[0m[0;32mINFO  2016/02/11 06:07:42 build.go:172: Cleaning dir routes
[0m[0;32mINFO  2016/02/11 06:07:53 revel.go:329: Loaded module static
[0m[0;32mINFO  2016/02/11 06:07:53 revel.go:329: Loaded module testrunner
[0m[0;32mINFO  2016/02/11 06:07:53 revel.go:206: Initialized Revel v0.12.0 (2015-03-25) for >= go1.3
[0m[0;32mINFO  2016/02/11 06:07:53 main.go:30: Running revel server
[0m[0;31mERROR 2016/02/11 06:07:53 router.go:431: Route validation error (in /home/godev/ARES/src/webfrontend/conf/routes:8): revel/controller: failed to find controller About
[0mpanic: Route validation error (in /home/godev/ARES/src/webfrontend/conf/routes:8): revel/controller: failed to find controller About


goroutine 1 [running]:
log.(*Logger).Panicln(0xc8200914f0, 0xc8201538b8, 0x1, 0x1)
	/home/godev/.gvm/gos/go1.5/src/log/log.go:220 +0xbf
github.com/revel/revel.init.4.func1()
	/home/godev/anime/src/github.com/revel/revel/router.go:431 +0x479
github.com/revel/revel.runStartupHooks()
	/home/godev/anime/src/github.com/revel/revel/server.go:135 +0x5b
github.com/revel/revel.Run(0xa340)
	/home/godev/anime/src/github.com/revel/revel/server.go:92 +0x21d
main.main()
	/home/godev/ARES/src/webfrontend/app/tmp/main.go:203 +0x2a3c

goroutine 17 [syscall, locked to thread]:
runtime.goexit()
	/home/godev/.gvm/gos/go1.5/src/runtime/asm_amd64.s:1696 +0x1
[0;32mINFO  2016/02/11 06:08:07 build.go:172: Cleaning dir tmp
[0m[0;32mINFO  2016/02/11 06:08:07 build.go:172: Cleaning dir routes
[0m[0;32mINFO  2016/02/11 06:08:07 build.go:172: Cleaning dir tmp
[0m[0;32mINFO  2016/02/11 06:08:07 build.go:172: Cleaning dir routes
[0m[0;32mINFO  2016/02/11 06:08:16 revel.go:329: Loaded module testrunner
[0m[0;32mINFO  2016/02/11 06:08:16 revel.go:329: Loaded module static
[0m[0;32mINFO  2016/02/11 06:08:16 revel.go:206: Initialized Revel v0.12.0 (2015-03-25) for >= go1.3
[0m[0;32mINFO  2016/02/11 06:08:16 main.go:29: Running revel server
[0m[0;31mERROR 2016/02/11 06:08:16 router.go:431: Route validation error (in /home/godev/ARES/src/webfrontend/conf/routes:7): revel/controller: failed to find controller Series
[0mpanic: Route validation error (in /home/godev/ARES/src/webfrontend/conf/routes:7): revel/controller: failed to find controller Series


goroutine 1 [running]:
log.(*Logger).Panicln(0xc8200814f0, 0xc8201399b0, 0x1, 0x1)
	/home/godev/.gvm/gos/go1.5/src/log/log.go:220 +0xbf
github.com/revel/revel.init.4.func1()
	/home/godev/anime/src/github.com/revel/revel/router.go:431 +0x479
github.com/revel/revel.runStartupHooks()
	/home/godev/anime/src/github.com/revel/revel/server.go:135 +0x5b
github.com/revel/revel.Run(0xa340)
	/home/godev/anime/src/github.com/revel/revel/server.go:92 +0x21d
main.main()
	/home/godev/ARES/src/webfrontend/app/tmp/main.go:103 +0x15be

goroutine 17 [syscall, locked to thread]:
runtime.goexit()
	/home/godev/.gvm/gos/go1.5/src/runtime/asm_amd64.s:1696 +0x1
[0;32mINFO  2016/02/11 06:08:16 build.go:172: Cleaning dir tmp
[0m[0;32mINFO  2016/02/11 06:08:16 build.go:172: Cleaning dir routes
[0m[0;32mINFO  2016/02/11 06:08:16 build.go:172: Cleaning dir tmp
[0m[0;32mINFO  2016/02/11 06:08:16 build.go:172: Cleaning dir routes
[0m[0;32mINFO  2016/02/11 06:08:27 revel.go:329: Loaded module static
[0m[0;32mINFO  2016/02/11 06:08:27 revel.go:329: Loaded module testrunner
[0m[0;32mINFO  2016/02/11 06:08:27 revel.go:206: Initialized Revel v0.12.0 (2015-03-25) for >= go1.3
[0m[0;32mINFO  2016/02/11 06:08:27 main.go:30: Running revel server
[0m[0;31mERROR 2016/02/11 06:08:27 router.go:431: Route validation error (in /home/godev/ARES/src/webfrontend/conf/routes:8): revel/controller: failed to find controller About
[0mpanic: Route validation error (in /home/godev/ARES/src/webfrontend/conf/routes:8): revel/controller: failed to find controller About


goroutine 1 [running]:
log.(*Logger).Panicln(0xc82008d4f0, 0xc82014b8b8, 0x1, 0x1)
	/home/godev/.gvm/gos/go1.5/src/log/log.go:220 +0xbf
github.com/revel/revel.init.4.func1()
	/home/godev/anime/src/github.com/revel/revel/router.go:431 +0x479
github.com/revel/revel.runStartupHooks()
	/home/godev/anime/src/github.com/revel/revel/server.go:135 +0x5b
github.com/revel/revel.Run(0xa340)
	/home/godev/anime/src/github.com/revel/revel/server.go:92 +0x21d
main.main()
	/home/godev/ARES/src/webfrontend/app/tmp/main.go:221 +0x2d84

goroutine 17 [syscall, locked to thread]:
runtime.goexit()
	/home/godev/.gvm/gos/go1.5/src/runtime/asm_amd64.s:1696 +0x1
[0;32mINFO  2016/02/11 06:08:27 build.go:172: Cleaning dir tmp
[0m[0;32mINFO  2016/02/11 06:08:27 build.go:172: Cleaning dir routes
[0m[0;32mINFO  2016/02/11 06:08:27 build.go:172: Cleaning dir tmp
[0m[0;32mINFO  2016/02/11 06:08:27 build.go:172: Cleaning dir routes
[0m[0;32mINFO  2016/02/11 06:08:37 revel.go:329: Loaded module testrunner
[0m[0;32mINFO  2016/02/11 06:08:37 revel.go:329: Loaded module static
[0m[0;32mINFO  2016/02/11 06:08:37 revel.go:206: Initialized Revel v0.12.0 (2015-03-25) for >= go1.3
[0m[0;32mINFO  2016/02/11 06:08:37 main.go:30: Running revel server
[0m[0;31mERROR 2016/02/11 06:08:37 router.go:431: Route validation error (in /home/godev/ARES/src/webfrontend/conf/routes:8): revel/controller: failed to find controller About
[0mpanic: Route validation error (in /home/godev/ARES/src/webfrontend/conf/routes:8): revel/controller: failed to find controller About


goroutine 1 [running]:
log.(*Logger).Panicln(0xc8200814f0, 0xc82013b8b8, 0x1, 0x1)
	/home/godev/.gvm/gos/go1.5/src/log/log.go:220 +0xbf
github.com/revel/revel.init.4.func1()
	/home/godev/anime/src/github.com/revel/revel/router.go:431 +0x479
github.com/revel/revel.runStartupHooks()
	/home/godev/anime/src/github.com/revel/revel/server.go:135 +0x5b
github.com/revel/revel.Run(0xa340)
	/home/godev/anime/src/github.com/revel/revel/server.go:92 +0x21d
main.main()
	/home/godev/ARES/src/webfrontend/app/tmp/main.go:221 +0x2d84

goroutine 17 [syscall, locked to thread]:
runtime.goexit()
	/home/godev/.gvm/gos/go1.5/src/runtime/asm_amd64.s:1696 +0x1
[0;32mINFO  2016/02/11 06:08:37 build.go:172: Cleaning dir tmp
[0m[0;32mINFO  2016/02/11 06:08:37 build.go:172: Cleaning dir routes
[0m[0;32mINFO  2016/02/11 06:08:37 build.go:172: Cleaning dir tmp
[0m[0;32mINFO  2016/02/11 06:08:37 build.go:172: Cleaning dir routes
[0m[0;32mINFO  2016/02/11 06:08:47 revel.go:329: Loaded module static
[0m[0;32mINFO  2016/02/11 06:08:47 revel.go:329: Loaded module testrunner
[0m[0;32mINFO  2016/02/11 06:08:47 revel.go:206: Initialized Revel v0.12.0 (2015-03-25) for >= go1.3
[0m[0;32mINFO  2016/02/11 06:08:47 main.go:30: Running revel server
[0m[0;31mERROR 2016/02/11 06:08:47 router.go:431: Route validation error (in /home/godev/ARES/src/webfrontend/conf/routes:8): revel/controller: failed to find controller About
[0mpanic: Route validation error (in /home/godev/ARES/src/webfrontend/conf/routes:8): revel/controller: failed to find controller About


goroutine 1 [running]:
log.(*Logger).Panicln(0xc82008f4f0, 0xc82014b8b8, 0x1, 0x1)
	/home/godev/.gvm/gos/go1.5/src/log/log.go:220 +0xbf
github.com/revel/revel.init.4.func1()
	/home/godev/anime/src/github.com/revel/revel/router.go:431 +0x479
github.com/revel/revel.runStartupHooks()
	/home/godev/anime/src/github.com/revel/revel/server.go:135 +0x5b
github.com/revel/revel.Run(0xa340)
	/home/godev/anime/src/github.com/revel/revel/server.go:92 +0x21d
main.main()
	/home/godev/ARES/src/webfrontend/app/tmp/main.go:221 +0x2d84

goroutine 17 [syscall, locked to thread]:
runtime.goexit()
	/home/godev/.gvm/gos/go1.5/src/runtime/asm_amd64.s:1696 +0x1
[0;32mINFO  2016/02/11 06:08:48 build.go:172: Cleaning dir tmp
[0m[0;32mINFO  2016/02/11 06:08:48 build.go:172: Cleaning dir routes
[0m[0;32mINFO  2016/02/11 06:08:48 build.go:172: Cleaning dir tmp
[0m[0;32mINFO  2016/02/11 06:08:48 build.go:172: Cleaning dir routes
[0m[0;32mINFO  2016/02/11 06:08:58 revel.go:329: Loaded module testrunner
[0m[0;32mINFO  2016/02/11 06:08:58 revel.go:329: Loaded module static
[0m[0;32mINFO  2016/02/11 06:08:58 revel.go:206: Initialized Revel v0.12.0 (2015-03-25) for >= go1.3
[0m[0;32mINFO  2016/02/11 06:08:58 main.go:30: Running revel server
[0m[0;31mERROR 2016/02/11 06:08:58 router.go:431: Route validation error (in /home/godev/ARES/src/webfrontend/conf/routes:8): revel/controller: failed to find controller About
[0mpanic: Route validation error (in /home/godev/ARES/src/webfrontend/conf/routes:8): revel/controller: failed to find controller About


goroutine 1 [running]:
log.(*Logger).Panicln(0xc8200754f0, 0xc82012f8b8, 0x1, 0x1)
	/home/godev/.gvm/gos/go1.5/src/log/log.go:220 +0xbf
github.com/revel/revel.init.4.func1()
	/home/godev/anime/src/github.com/revel/revel/router.go:431 +0x479
github.com/revel/revel.runStartupHooks()
	/home/godev/anime/src/github.com/revel/revel/server.go:135 +0x5b
github.com/revel/revel.Run(0xa340)
	/home/godev/anime/src/github.com/revel/revel/server.go:92 +0x21d
main.main()
	/home/godev/ARES/src/webfrontend/app/tmp/main.go:221 +0x2d84

goroutine 17 [syscall, locked to thread]:
runtime.goexit()
	/home/godev/.gvm/gos/go1.5/src/runtime/asm_amd64.s:1696 +0x1
[0;32mINFO  2016/02/11 06:08:58 build.go:172: Cleaning dir tmp
[0m[0;32mINFO  2016/02/11 06:08:58 build.go:172: Cleaning dir routes
[0m[0;32mINFO  2016/02/11 06:08:58 build.go:172: Cleaning dir tmp
[0m[0;32mINFO  2016/02/11 06:08:58 build.go:172: Cleaning dir routes
[0m[0;32mINFO  2016/02/11 06:09:08 revel.go:329: Loaded module testrunner
[0m[0;32mINFO  2016/02/11 06:09:08 revel.go:329: Loaded module static
[0m[0;32mINFO  2016/02/11 06:09:08 revel.go:206: Initialized Revel v0.12.0 (2015-03-25) for >= go1.3
[0m[0;32mINFO  2016/02/11 06:09:08 main.go:30: Running revel server
[0m[0;31mERROR 2016/02/11 06:09:08 router.go:431: Route validation error (in /home/godev/ARES/src/webfrontend/conf/routes:8): revel/controller: failed to find controller About
[0mpanic: Route validation error (in /home/godev/ARES/src/webfrontend/conf/routes:8): revel/controller: failed to find controller About


goroutine 1 [running]:
log.(*Logger).Panicln(0xc8200754f0, 0xc82012d8b8, 0x1, 0x1)
	/home/godev/.gvm/gos/go1.5/src/log/log.go:220 +0xbf
github.com/revel/revel.init.4.func1()
	/home/godev/anime/src/github.com/revel/revel/router.go:431 +0x479
github.com/revel/revel.runStartupHooks()
	/home/godev/anime/src/github.com/revel/revel/server.go:135 +0x5b
github.com/revel/revel.Run(0xa340)
	/home/godev/anime/src/github.com/revel/revel/server.go:92 +0x21d
main.main()
	/home/godev/ARES/src/webfrontend/app/tmp/main.go:221 +0x2d84

goroutine 17 [syscall, locked to thread]:
runtime.goexit()
	/home/godev/.gvm/gos/go1.5/src/runtime/asm_amd64.s:1696 +0x1
2016/02/11 06:09:08 reverseproxy.go:249: http: proxy error: dial tcp [::1]:41792: getsockopt: connection refused
2016/02/11 06:09:34 reverseproxy.go:249: http: proxy error: dial tcp [::1]:41792: getsockopt: connection refused
[0;34m~
~ revel! http://revel.github.io
~
[0m[0;32mINFO  2016/02/11 06:09:58 revel.go:329: Loaded module static
[0m[0;32mINFO  2016/02/11 06:09:58 revel.go:329: Loaded module testrunner
[0m[0;32mINFO  2016/02/11 06:09:58 revel.go:206: Initialized Revel v0.12.0 (2015-03-25) for >= go1.3
[0m[0;32mINFO  2016/02/11 06:09:58 run.go:57: Running ARES (webfrontend) in dev mode
[0m[0;32mINFO  2016/02/11 06:09:58 harness.go:165: Listening on :8080
[0m[0;32mINFO  2016/02/11 06:10:03 build.go:172: Cleaning dir tmp
[0m[0;32mINFO  2016/02/11 06:10:03 build.go:172: Cleaning dir routes
[0m[0;32mINFO  2016/02/11 06:10:03 build.go:172: Cleaning dir tmp
[0m[0;32mINFO  2016/02/11 06:10:03 build.go:172: Cleaning dir routes
[0m[0;32mINFO  2016/02/11 06:10:13 revel.go:329: Loaded module static
[0m[0;32mINFO  2016/02/11 06:10:13 revel.go:329: Loaded module testrunner
[0m[0;32mINFO  2016/02/11 06:10:13 revel.go:206: Initialized Revel v0.12.0 (2015-03-25) for >= go1.3
[0m[0;32mINFO  2016/02/11 06:10:13 main.go:30: Running revel server
[0mGo to /@tests to run the tests.
[0;32mINFO  2016/02/11 06:10:13 init.go:12: DB Loading
[0m[0;32mINFO  2016/02/11 06:10:13 init.go:20: DB Connected
[0mListening on :42197...
[0;32mINFO  2016/02/11 06:11:03 build.go:172: Cleaning dir tmp
[0m[0;32mINFO  2016/02/11 06:11:03 build.go:172: Cleaning dir routes
[0m[0;32mINFO  2016/02/11 06:11:03 build.go:172: Cleaning dir tmp
[0m[0;32mINFO  2016/02/11 06:11:03 build.go:172: Cleaning dir routes
[0m[0;32mINFO  2016/02/11 06:11:11 revel.go:329: Loaded module testrunner
[0m[0;32mINFO  2016/02/11 06:11:11 revel.go:329: Loaded module static
[0m[0;32mINFO  2016/02/11 06:11:11 revel.go:206: Initialized Revel v0.12.0 (2015-03-25) for >= go1.3
[0m[0;32mINFO  2016/02/11 06:11:11 main.go:29: Running revel server
[0m[0;31mERROR 2016/02/11 06:11:11 router.go:431: Route validation error (in /home/godev/ARES/src/webfrontend/conf/routes:7): revel/controller: failed to find controller Series
[0mpanic: Route validation error (in /home/godev/ARES/src/webfrontend/conf/routes:7): revel/controller: failed to find controller Series


goroutine 1 [running]:
log.(*Logger).Panicln(0xc8200814f0, 0xc8201399b0, 0x1, 0x1)
	/home/godev/.gvm/gos/go1.5/src/log/log.go:220 +0xbf
github.com/revel/revel.init.4.func1()
	/home/godev/anime/src/github.com/revel/revel/router.go:431 +0x479
github.com/revel/revel.runStartupHooks()
	/home/godev/anime/src/github.com/revel/revel/server.go:135 +0x5b
github.com/revel/revel.Run(0xa4d5)
	/home/godev/anime/src/github.com/revel/revel/server.go:92 +0x21d
main.main()
	/home/godev/ARES/src/webfrontend/app/tmp/main.go:103 +0x15be

goroutine 17 [syscall, locked to thread]:
runtime.goexit()
	/home/godev/.gvm/gos/go1.5/src/runtime/asm_amd64.s:1696 +0x1
[0;32mINFO  2016/02/11 06:11:11 build.go:172: Cleaning dir tmp
[0m[0;32mINFO  2016/02/11 06:11:11 build.go:172: Cleaning dir routes
[0m[0;32mINFO  2016/02/11 06:11:12 build.go:172: Cleaning dir tmp
[0m[0;32mINFO  2016/02/11 06:11:12 build.go:172: Cleaning dir routes
[0m[0;32mINFO  2016/02/11 06:11:21 revel.go:329: Loaded module static
[0m[0;32mINFO  2016/02/11 06:11:21 revel.go:329: Loaded module testrunner
[0m[0;32mINFO  2016/02/11 06:11:21 revel.go:206: Initialized Revel v0.12.0 (2015-03-25) for >= go1.3
[0m[0;32mINFO  2016/02/11 06:11:21 main.go:30: Running revel server
[0m[0;32mINFO  2016/02/11 06:11:21 init.go:12: DB Loading
[0m[0;32mINFO  2016/02/11 06:11:21 init.go:20: DB Connected
[0mGo to /@tests to run the tests.
Listening on :42197...
[0;32mINFO  2016/02/11 06:11:22 build.go:172: Cleaning dir tmp
[0m[0;32mINFO  2016/02/11 06:11:22 build.go:172: Cleaning dir routes
[0m[0;32mINFO  2016/02/11 06:11:22 build.go:172: Cleaning dir tmp
[0m[0;32mINFO  2016/02/11 06:11:22 build.go:172: Cleaning dir routes
[0m[0;32mINFO  2016/02/11 06:11:32 revel.go:329: Loaded module testrunner
[0m[0;32mINFO  2016/02/11 06:11:32 revel.go:329: Loaded module static
[0m[0;32mINFO  2016/02/11 06:11:32 revel.go:206: Initialized Revel v0.12.0 (2015-03-25) for >= go1.3
[0m[0;32mINFO  2016/02/11 06:11:32 main.go:30: Running revel server
[0mGo to /@tests to run the tests.
[0;32mINFO  2016/02/11 06:11:32 init.go:12: DB Loading
[0m[0;32mINFO  2016/02/11 06:11:32 init.go:20: DB Connected
[0mListening on :42197...
[0;32mINFO  2016/02/11 06:11:32 build.go:172: Cleaning dir tmp
[0m[0;32mINFO  2016/02/11 06:11:32 build.go:172: Cleaning dir routes
[0m[0;32mINFO  2016/02/11 06:11:32 build.go:172: Cleaning dir tmp
[0m[0;32mINFO  2016/02/11 06:11:32 build.go:172: Cleaning dir routes
[0m[0;32mINFO  2016/02/11 06:11:42 revel.go:329: Loaded module static
[0m[0;32mINFO  2016/02/11 06:11:42 revel.go:329: Loaded module testrunner
[0m[0;32mINFO  2016/02/11 06:11:42 revel.go:206: Initialized Revel v0.12.0 (2015-03-25) for >= go1.3
[0m[0;32mINFO  2016/02/11 06:11:42 main.go:30: Running revel server
[0mGo to /@tests to run the tests.
[0;32mINFO  2016/02/11 06:11:42 init.go:12: DB Loading
[0m[0;32mINFO  2016/02/11 06:11:42 init.go:20: DB Connected
[0mListening on :42197...
[0;32mINFO  2016/02/11 06:11:42 build.go:172: Cleaning dir tmp
[0m[0;32mINFO  2016/02/11 06:11:42 build.go:172: Cleaning dir routes
[0m[0;32mINFO  2016/02/11 06:11:42 build.go:172: Cleaning dir tmp
[0m[0;32mINFO  2016/02/11 06:11:42 build.go:172: Cleaning dir routes
[0m[0;32mINFO  2016/02/11 06:11:52 revel.go:329: Loaded module static
[0m[0;32mINFO  2016/02/11 06:11:52 revel.go:329: Loaded module testrunner
[0m[0;32mINFO  2016/02/11 06:11:52 revel.go:206: Initialized Revel v0.12.0 (2015-03-25) for >= go1.3
[0m[0;32mINFO  2016/02/11 06:11:52 main.go:30: Running revel server
[0m[0;32mINFO  2016/02/11 06:11:52 init.go:12: DB Loading
[0m[0;32mINFO  2016/02/11 06:11:52 init.go:20: DB Connected
[0mGo to /@tests to run the tests.
Listening on :42197...
[0;32mINFO  2016/02/11 06:11:52 build.go:172: Cleaning dir tmp
[0m[0;32mINFO  2016/02/11 06:11:52 build.go:172: Cleaning dir routes
[0m[0;32mINFO  2016/02/11 06:11:53 build.go:172: Cleaning dir tmp
[0m[0;32mINFO  2016/02/11 06:11:53 build.go:172: Cleaning dir routes
[0m[0;32mINFO  2016/02/11 06:12:03 revel.go:329: Loaded module testrunner
[0m[0;32mINFO  2016/02/11 06:12:03 revel.go:329: Loaded module static
[0m[0;32mINFO  2016/02/11 06:12:03 revel.go:206: Initialized Revel v0.12.0 (2015-03-25) for >= go1.3
[0m[0;32mINFO  2016/02/11 06:12:03 main.go:30: Running revel server
[0m[0;32mINFO  2016/02/11 06:12:03 init.go:12: DB Loading
[0m[0;32mINFO  2016/02/11 06:12:03 init.go:20: DB Connected
[0mGo to /@tests to run the tests.
Listening on :42197...
[0;31mERROR 2016/02/11 06:25:01 template.go:230: error walking templates: lstat /home/godev/ARES/src/webfrontend/app/views/header.html: no such file or directory
[0m[0;31mERROR 2016/02/11 06:29:02 template.go:230: error walking templates: lstat /home/godev/ARES/src/webfrontend/app/views/header.html~: no such file or directory
[0m[0;31mERROR 2016/02/11 06:29:48 template.go:230: error walking templates: lstat /home/godev/ARES/src/webfrontend/app/views/.header.html.swp: no such file or directory
[0m[0;31mERROR 2016/02/11 06:29:48 template.go:230: error walking templates: lstat /home/godev/ARES/src/webfrontend/app/views/header.html~: no such file or directory
[0m[0;31mERROR 2016/02/11 06:30:40 template.go:230: error walking templates: lstat /home/godev/ARES/src/webfrontend/app/views/Series/Index.html~: no such file or directory
[0m[0;31mERROR 2016/02/11 06:31:40 template.go:230: error walking templates: lstat /home/godev/ARES/src/webfrontend/app/views/Series/Index.html~: no such file or directory
[0m[0;31mERROR 2016/02/11 06:32:01 template.go:230: error walking templates: lstat /home/godev/ARES/src/webfrontend/app/views/header.html: no such file or directory
[0m[0;31mERROR 2016/02/11 06:32:01 template.go:230: error walking templates: lstat /home/godev/ARES/src/webfrontend/app/views/header.html~: no such file or directory
[0m[0;31mERROR 2016/02/11 06:32:51 template.go:230: error walking templates: lstat /home/godev/ARES/src/webfrontend/app/views/header.html~: no such file or directory
[0m[0;31mERROR 2016/02/11 06:35:05 template.go:230: error walking templates: lstat /home/godev/ARES/src/webfrontend/app/views/Series/Display.html~: no such file or directory
[0m[0;31mERROR 2016/02/11 06:37:14 template.go:230: error walking templates: lstat /home/godev/ARES/src/webfrontend/app/views/header.html~: no such file or directory
[0m[0;31mERROR 2016/02/11 06:38:12 template.go:230: error walking templates: lstat /home/godev/ARES/src/webfrontend/app/views/header.html: no such file or directory
[0m[0;31mERROR 2016/02/11 06:38:12 template.go:230: error walking templates: lstat /home/godev/ARES/src/webfrontend/app/views/header.html~: no such file or directory
[0m[0;31mERROR 2016/02/11 06:40:42 template.go:230: error walking templates: lstat /home/godev/ARES/src/webfrontend/app/views/Series/Index.html~: no such file or directory
[0m